number,value,params_max_depth,params_max_features,params_min_samples_leaf,params_min_samples_split,params_n_estimators,user_attrs_f1,user_attrs_metrics,user_attrs_recall,state
0,0.7874573085498382,,log2,7,2,200,0.7873710412545757,"{'accuracy': {'mean': 0.7950447360208026, 'std': 0.0017209532623862214}, 'balanced_accuracy': {'mean': 0.8022933191196945, 'std': 0.0027131302783998078}, 'brier_score': {'mean': 0.15135596274945634, 'std': 0.0010996183433721063}, 'cohen_kappa': {'mean': 0.5924385604775118, 'std': 0.004149440574076718}, 'f1': {'mean': 0.7873710412545757, 'std': 0.0035872606940457394}, 'mean_absolute_stage_error': {'mean': 0.20495526397919747, 'std': 0.0017209532623862324}, 'precision': {'mean': 0.724263216372963, 'std': 0.0029151709094446918}, 'quadratic_weighted_kappa': {'mean': 0.5924385604775118, 'std': 0.004149440574076718}, 'recall': {'mean': 0.8626729526249161, 'std': 0.01216490263614013}, 'roc_auc': {'mean': 0.8847939633076273, 'std': 0.0033645996270711266}}",0.8626729526249161,COMPLETE
1,0.796638560302102,,log2,4,7,360,0.7965535392814679,"{'accuracy': {'mean': 0.8089498888490979, 'std': 0.0037770217652918635}, 'balanced_accuracy': {'mean': 0.8133728502968232, 'std': 0.004378199974438789}, 'brier_score': {'mean': 0.14342332721294332, 'std': 0.001279762329364825}, 'cohen_kappa': {'mean': 0.6178195793312569, 'std': 0.00794876819856894}, 'f1': {'mean': 0.7965535392814679, 'std': 0.004996571859275788}, 'mean_absolute_stage_error': {'mean': 0.19105011115090204, 'std': 0.0037770217652918743}, 'precision': {'mean': 0.7493135669923523, 'std': 0.002583152913714632}, 'quadratic_weighted_kappa': {'mean': 0.6178195793312569, 'std': 0.00794876819856894}, 'recall': {'mean': 0.8502102063416169, 'std': 0.010130426751453009}, 'roc_auc': {'mean': 0.8922295098575377, 'std': 0.003516486148433733}}",0.8502102063416169,COMPLETE
2,0.7666756008268041,10.0,sqrt,1,8,200,0.7665905132139901,"{'accuracy': {'mean': 0.7720334550551968, 'std': 0.00436773172793656}, 'balanced_accuracy': {'mean': 0.7804836746276209, 'std': 0.004122701616016845}, 'brier_score': {'mean': 0.16183439822182338, 'std': 0.0014321057712309662}, 'cohen_kappa': {'mean': 0.5480560616877744, 'std': 0.008348720192530244}, 'f1': {'mean': 0.7665905132139901, 'std': 0.004157077228410726}, 'mean_absolute_stage_error': {'mean': 0.22796654494480326, 'std': 0.004367731727936567}, 'precision': {'mean': 0.6975740235818023, 'std': 0.006048561713050637}, 'quadratic_weighted_kappa': {'mean': 0.5480560616877744, 'std': 0.008348720192530244}, 'recall': {'mean': 0.8508761281403985, 'std': 0.008812739303724866}, 'roc_auc': {'mean': 0.8710210582734963, 'std': 0.004140693502025473}}",0.8508761281403985,COMPLETE
3,0.8049901547727624,,,1,6,360,0.8049101635179408,"{'accuracy': {'mean': 0.8294151741475992, 'std': 0.007073860569615454}, 'balanced_accuracy': {'mean': 0.8262536971574701, 'std': 0.007276334371045777}, 'brier_score': {'mean': 0.12674576378167565, 'std': 0.0011904541402437997}, 'cohen_kappa': {'mean': 0.653376496838496, 'std': 0.014402008603328657}, 'f1': {'mean': 0.8049101635179408, 'std': 0.008280877957389155}, 'mean_absolute_stage_error': {'mean': 0.1705848258524006, 'std': 0.007073860569615451}, 'precision': {'mean': 0.8100863461862456, 'std': 0.009456465507558586}, 'quadratic_weighted_kappa': {'mean': 0.653376496838496, 'std': 0.014402008603328657}, 'recall': {'mean': 0.799912548216157, 'std': 0.011796566889162323}, 'roc_auc': {'mean': 0.9073232499905475, 'std': 0.0024519160425951337}}",0.799912548216157,COMPLETE
4,0.7932948843660629,,sqrt,7,12,160,0.7932089063058079,"{'accuracy': {'mean': 0.8027802826881212, 'std': 0.0038365437982337738}, 'balanced_accuracy': {'mean': 0.8088907846063034, 'std': 0.004076327308652977}, 'brier_score': {'mean': 0.14561948301958488, 'std': 0.001165681587590005}, 'cohen_kappa': {'mean': 0.6068618704204549, 'std': 0.0077549925651241615}, 'f1': {'mean': 0.7932089063058079, 'std': 0.0044533443805624085}, 'mean_absolute_stage_error': {'mean': 0.19721971731187882, 'std': 0.0038365437982337543}, 'precision': {'mean': 0.7362615766249387, 'std': 0.004540194200663807}, 'quadratic_weighted_kappa': {'mean': 0.6068618704204549, 'std': 0.0077549925651241615}, 'recall': {'mean': 0.8597806025502228, 'std': 0.009165316409334977}, 'roc_auc': {'mean': 0.8902661095536993, 'std': 0.00319562558343433}}",0.8597806025502228,COMPLETE
5,0.8065713303283667,18.0,,7,4,360,0.8064866209135504,"{'accuracy': {'mean': 0.8211896238703333, 'std': 0.005260261127686646}, 'balanced_accuracy': {'mean': 0.8239667768632304, 'std': 0.0058309837571232535}, 'brier_score': {'mean': 0.1318930536564795, 'std': 0.0008502642799657519}, 'cohen_kappa': {'mean': 0.6410105416452274, 'std': 0.01085863269059152}, 'f1': {'mean': 0.8064866209135504, 'std': 0.006577304759243542}, 'mean_absolute_stage_error': {'mean': 0.17881037612966663, 'std': 0.005260261127686642}, 'precision': {'mean': 0.7697252165191746, 'std': 0.006098817562111388}, 'quadratic_weighted_kappa': {'mean': 0.6410105416452274, 'std': 0.01085863269059152}, 'recall': {'mean': 0.8470941481626454, 'std': 0.013722250260047315}, 'roc_auc': {'mean': 0.9027710301070673, 'std': 0.002467687249850717}}",0.8470941481626454,COMPLETE
6,0.7930144479077191,10.0,,7,2,120,0.7929291153803626,"{'accuracy': {'mean': 0.8039555051217626, 'std': 0.0047577857280380245}, 'balanced_accuracy': {'mean': 0.8092465773391467, 'std': 0.005472242064580243}, 'brier_score': {'mean': 0.14214274747040007, 'std': 0.0011457756364260142}, 'cohen_kappa': {'mean': 0.6085512596854669, 'std': 0.009961152579409726}, 'f1': {'mean': 0.7929291153803626, 'std': 0.0061633690050723845}, 'mean_absolute_stage_error': {'mean': 0.19604449487823739, 'std': 0.004757785728038029}, 'precision': {'mean': 0.7405837778092907, 'std': 0.003266542652454678}, 'quadratic_weighted_kappa': {'mean': 0.6085512596854669, 'std': 0.009961152579409726}, 'recall': {'mean': 0.8533252735655307, 'std': 0.012479882573966962}, 'roc_auc': {'mean': 0.8926437271929574, 'std': 0.003058899998684248}}",0.8533252735655307,COMPLETE
7,0.7573224789747008,10.0,log2,3,2,120,0.7572365009639935,"{'accuracy': {'mean': 0.7574430354623394, 'std': 0.004239149596362401}, 'balanced_accuracy': {'mean': 0.768411014202977, 'std': 0.003888844887967392}, 'brier_score': {'mean': 0.17059761537097023, 'std': 0.0014048390699240318}, 'cohen_kappa': {'mean': 0.5216839840029834, 'std': 0.007951727021124684}, 'f1': {'mean': 0.7572365009639935, 'std': 0.003488319202648374}, 'mean_absolute_stage_error': {'mean': 0.24255696453766068, 'std': 0.004239149596362414}, 'precision': {'mean': 0.676575803703673, 'std': 0.0050739637329967145}, 'quadratic_weighted_kappa': {'mean': 0.5216839840029834, 'std': 0.007951727021124684}, 'recall': {'mean': 0.8597801070726939, 'std': 0.004824176216787393}, 'roc_auc': {'mean': 0.86180690965029, 'std': 0.003854408528109796}}",0.8597801070726939,COMPLETE
8,0.7934614124971331,14.0,sqrt,4,10,360,0.7933759019447004,"{'accuracy': {'mean': 0.8040538318416532, 'std': 0.0033683222735845352}, 'balanced_accuracy': {'mean': 0.8095255793723917, 'std': 0.003599103944185377}, 'brier_score': {'mean': 0.14721928968921158, 'std': 0.0012862107129698742}, 'cohen_kappa': {'mean': 0.6088959093768447, 'std': 0.006812852165645037}, 'f1': {'mean': 0.7933759019447004, 'std': 0.004024804326449425}, 'mean_absolute_stage_error': {'mean': 0.19594616815834676, 'std': 0.0033683222735845487}, 'precision': {'mean': 0.7400331213554419, 'std': 0.004702215151666163}, 'quadratic_weighted_kappa': {'mean': 0.6088959093768447, 'std': 0.006812852165645037}, 'recall': {'mean': 0.8551055243267079, 'std': 0.00964242572268297}, 'roc_auc': {'mean': 0.8891755384866766, 'std': 0.0037112538614256212}}",0.8551055243267079,COMPLETE
9,0.7967398025963836,18.0,sqrt,4,4,120,0.7966551155523777,"{'accuracy': {'mean': 0.8098308981769525, 'std': 0.003968431220340124}, 'balanced_accuracy': {'mean': 0.8138010222060095, 'std': 0.0046642381363475585}, 'brier_score': {'mean': 0.14120234476958773, 'std': 0.0012925960391135718}, 'cohen_kappa': {'mean': 0.619230441422147, 'std': 0.008389363211727327}, 'f1': {'mean': 0.7966551155523777, 'std': 0.005410364186269702}, 'mean_absolute_stage_error': {'mean': 0.19016910182304742, 'std': 0.003968431220340125}, 'precision': {'mean': 0.7521480271003128, 'std': 0.003568631500823771}, 'quadratic_weighted_kappa': {'mean': 0.619230441422147, 'std': 0.008389363211727327}, 'recall': {'mean': 0.8468704400583673, 'std': 0.012148036732292922}, 'roc_auc': {'mean': 0.893416211888785, 'std': 0.0033761100993344923}}",0.8468704400583673,COMPLETE
10,0.805421830292872,18.0,,8,5,280,0.8053368759387393,"{'accuracy': {'mean': 0.8193288949677908, 'std': 0.006479919004569293}, 'balanced_accuracy': {'mean': 0.8225683310582566, 'std': 0.0067380554430193}, 'brier_score': {'mean': 0.1330160976318234, 'std': 0.0010971398100661724}, 'cohen_kappa': {'mean': 0.6376324227745972, 'std': 0.01307130934710503}, 'f1': {'mean': 0.8053368759387393, 'std': 0.0073098011461190104}, 'mean_absolute_stage_error': {'mean': 0.18067110503220904, 'std': 0.006479919004569274}, 'precision': {'mean': 0.7656170853414281, 'std': 0.007946116068933817}, 'quadratic_weighted_kappa': {'mean': 0.6376324227745972, 'std': 0.01307130934710503}, 'recall': {'mean': 0.8495435413265421, 'std': 0.012673911090505417}, 'roc_auc': {'mean': 0.9019343323630812, 'std': 0.0028851631691029713}}",0.8495435413265421,COMPLETE
11,0.805421830292872,18.0,,8,5,280,0.8053368759387393,"{'accuracy': {'mean': 0.8193288949677908, 'std': 0.006479919004569293}, 'balanced_accuracy': {'mean': 0.8225683310582566, 'std': 0.0067380554430193}, 'brier_score': {'mean': 0.1330160976318234, 'std': 0.0010971398100661724}, 'cohen_kappa': {'mean': 0.6376324227745972, 'std': 0.01307130934710503}, 'f1': {'mean': 0.8053368759387393, 'std': 0.0073098011461190104}, 'mean_absolute_stage_error': {'mean': 0.18067110503220904, 'std': 0.006479919004569274}, 'precision': {'mean': 0.7656170853414281, 'std': 0.007946116068933817}, 'quadratic_weighted_kappa': {'mean': 0.6376324227745972, 'std': 0.01307130934710503}, 'recall': {'mean': 0.8495435413265421, 'std': 0.012673911090505417}, 'roc_auc': {'mean': 0.9019343323630812, 'std': 0.0028851631691029713}}",0.8495435413265421,COMPLETE
12,0.805421830292872,18.0,,8,4,280,0.8053368759387393,"{'accuracy': {'mean': 0.8193288949677908, 'std': 0.006479919004569293}, 'balanced_accuracy': {'mean': 0.8225683310582566, 'std': 0.0067380554430193}, 'brier_score': {'mean': 0.1330160976318234, 'std': 0.0010971398100661724}, 'cohen_kappa': {'mean': 0.6376324227745972, 'std': 0.01307130934710503}, 'f1': {'mean': 0.8053368759387393, 'std': 0.0073098011461190104}, 'mean_absolute_stage_error': {'mean': 0.18067110503220904, 'std': 0.006479919004569274}, 'precision': {'mean': 0.7656170853414281, 'std': 0.007946116068933817}, 'quadratic_weighted_kappa': {'mean': 0.6376324227745972, 'std': 0.01307130934710503}, 'recall': {'mean': 0.8495435413265421, 'std': 0.012673911090505417}, 'roc_auc': {'mean': 0.9019343323630812, 'std': 0.0028851631691029713}}",0.8495435413265421,COMPLETE
13,0.8059414163822464,18.0,,6,4,280,0.805856996103342,"{'accuracy': {'mean': 0.8210912971504427, 'std': 0.007908587427291594}, 'balanced_accuracy': {'mean': 0.8235695130171825, 'std': 0.008458697371100504}, 'brier_score': {'mean': 0.130974896624326, 'std': 0.001002626800163916}, 'cohen_kappa': {'mean': 0.6405986222505586, 'std': 0.016139899268479467}, 'f1': {'mean': 0.805856996103342, 'std': 0.009333563187140861}, 'mean_absolute_stage_error': {'mean': 0.17890870284955723, 'std': 0.007908587427291598}, 'precision': {'mean': 0.7710038579043756, 'std': 0.008637429722734008}, 'quadratic_weighted_kappa': {'mean': 0.6405986222505586, 'std': 0.016139899268479467}, 'recall': {'mean': 0.8442027890430099, 'std': 0.01637258463920605}, 'roc_auc': {'mean': 0.9032916391914683, 'std': 0.0026689312409856523}}",0.8442027890430099,COMPLETE
14,0.758700351632906,6.0,,6,4,320,0.7586160206886001,"{'accuracy': {'mean': 0.7639060876752178, 'std': 0.006991971159422771}, 'balanced_accuracy': {'mean': 0.7724149739627226, 'std': 0.007186148795803938}, 'brier_score': {'mean': 0.16453192726850024, 'std': 0.0015577017050947706}, 'cohen_kappa': {'mean': 0.5320981352479899, 'std': 0.013902811421188379}, 'f1': {'mean': 0.7586160206886001, 'std': 0.0074584445124825545}, 'mean_absolute_stage_error': {'mean': 0.2360939123247821, 'std': 0.006991971159422736}, 'precision': {'mean': 0.6894581398986198, 'std': 0.007110836532839015}, 'quadratic_weighted_kappa': {'mean': 0.5320981352479899, 'std': 0.013902811421188379}, 'recall': {'mean': 0.8433094430584838, 'std': 0.012603228058552105}, 'roc_auc': {'mean': 0.8632216372393813, 'std': 0.004581057137665546}}",0.8433094430584838,COMPLETE
15,0.8063702641423512,18.0,,6,8,240,0.8062857993447909,"{'accuracy': {'mean': 0.8214832616857064, 'std': 0.007336629517215421}, 'balanced_accuracy': {'mean': 0.8239670079483004, 'std': 0.007881692828970789}, 'brier_score': {'mean': 0.13095252496644924, 'std': 0.0011590180077487681}, 'cohen_kappa': {'mean': 0.6413866932520371, 'std': 0.014999322774005681}, 'f1': {'mean': 0.8062857993447909, 'std': 0.00872614886853665}, 'mean_absolute_stage_error': {'mean': 0.17851673831429365, 'std': 0.007336629517215421}, 'precision': {'mean': 0.7714033373818184, 'std': 0.007988915786011292}, 'quadratic_weighted_kappa': {'mean': 0.6413866932520371, 'std': 0.014999322774005681}, 'recall': {'mean': 0.8446479756026865, 'std': 0.01557706964278075}, 'roc_auc': {'mean': 0.9032792675636567, 'std': 0.0029797401647666034}}",0.8446479756026865,COMPLETE
16,0.7581025054810743,6.0,,5,9,240,0.7580183082166058,"{'accuracy': {'mean': 0.763514171080822, 'std': 0.005287888314461072}, 'balanced_accuracy': {'mean': 0.7719211705217586, 'std': 0.005395913526548353}, 'brier_score': {'mean': 0.16468614665008313, 'std': 0.0016271756832943538}, 'cohen_kappa': {'mean': 0.5312353048359207, 'std': 0.01042949728272019}, 'f1': {'mean': 0.7580183082166058, 'std': 0.005740292110860882}, 'mean_absolute_stage_error': {'mean': 0.23648582891917794, 'std': 0.005287888314461056}, 'precision': {'mean': 0.6894040089170688, 'std': 0.006390987044879799}, 'quadratic_weighted_kappa': {'mean': 0.5312353048359207, 'std': 0.01042949728272019}, 'recall': {'mean': 0.8419726446856318, 'std': 0.012733492900376535}, 'roc_auc': {'mean': 0.8629130176070738, 'std': 0.004859075253184811}}",0.8419726446856318,COMPLETE
17,0.8061305247747858,14.0,,6,12,320,0.8060457262483359,"{'accuracy': {'mean': 0.8205040215196966, 'std': 0.008408756148341837}, 'balanced_accuracy': {'mean': 0.8234498023756075, 'std': 0.008925653672056142}, 'brier_score': {'mean': 0.132300874495688, 'std': 0.001189199806915828}, 'cohen_kappa': {'mean': 0.6397590400815544, 'std': 0.01709814595033435}, 'f1': {'mean': 0.8060457262483359, 'std': 0.009754283917581633}, 'mean_absolute_stage_error': {'mean': 0.17949597848030324, 'std': 0.008408756148341856}, 'precision': {'mean': 0.7682093076838195, 'std': 0.008968076819144122}, 'quadratic_weighted_kappa': {'mean': 0.6397590400815544, 'std': 0.01709814595033435}, 'recall': {'mean': 0.8479852644982918, 'std': 0.016484528196268024}, 'roc_auc': {'mean': 0.9026241278489131, 'std': 0.0030330552177891138}}",0.8479852644982918,COMPLETE
18,0.8074578968218052,18.0,,5,9,200,0.8073741888661703,"{'accuracy': {'mean': 0.8243232307542584, 'std': 0.006519336760101744}, 'balanced_accuracy': {'mean': 0.8256911679048402, 'std': 0.007252210347154137}, 'brier_score': {'mean': 0.1296703486558524, 'std': 0.0010651426408250157}, 'cohen_kappa': {'mean': 0.6462764941828975, 'std': 0.013529809982006012}, 'f1': {'mean': 0.8073741888661703, 'std': 0.008219120691823168}, 'mean_absolute_stage_error': {'mean': 0.17567676924574155, 'std': 0.006519336760101777}, 'precision': {'mean': 0.7798127183106661, 'std': 0.005458723274572268}, 'quadratic_weighted_kappa': {'mean': 0.6462764941828975, 'std': 0.013529809982006012}, 'recall': {'mean': 0.8370795563494207, 'std': 0.014804077153326073}, 'roc_auc': {'mean': 0.9043280524642514, 'std': 0.002542261741637243}}",0.8370795563494207,COMPLETE
19,0.794875605956303,18.0,log2,3,10,200,0.794790429107986,"{'accuracy': {'mean': 0.8065017884340738, 'std': 0.0026062918991666935}, 'balanced_accuracy': {'mean': 0.8113538681962925, 'std': 0.00314251571688804}, 'brier_score': {'mean': 0.14602622588222153, 'std': 0.0014870483839122919}, 'cohen_kappa': {'mean': 0.6132800274322143, 'std': 0.005570361473623738}, 'f1': {'mean': 0.794790429107986, 'std': 0.0036482645411571157}, 'mean_absolute_stage_error': {'mean': 0.19349821156592611, 'std': 0.002606291899166681}, 'precision': {'mean': 0.7449909786703819, 'std': 0.001639481886516904}, 'quadratic_weighted_kappa': {'mean': 0.6132800274322143, 'std': 0.005570361473623738}, 'recall': {'mean': 0.851768483169867, 'std': 0.008172678449995835}, 'roc_auc': {'mean': 0.8898396754105233, 'std': 0.003864847549795528}}",0.851768483169867,COMPLETE
20,0.8064819067657181,18.0,,5,11,160,0.8063979095007541,"{'accuracy': {'mean': 0.8225599656359858, 'std': 0.007851502997126211}, 'balanced_accuracy': {'mean': 0.8244267007172723, 'std': 0.00797253695091614}, 'brier_score': {'mean': 0.1302511031939196, 'std': 0.0012607956932895988}, 'cohen_kappa': {'mean': 0.6431151427076381, 'std': 0.01575365993662803}, 'f1': {'mean': 0.8063979095007541, 'std': 0.008590807498178395}, 'mean_absolute_stage_error': {'mean': 0.17744003436401407, 'std': 0.007851502997126182}, 'precision': {'mean': 0.775518182509663, 'std': 0.00986604632919863}, 'quadratic_weighted_kappa': {'mean': 0.6431151427076381, 'std': 0.01575365993662803}, 'recall': {'mean': 0.8399726496404073, 'std': 0.012561916565832477}, 'roc_auc': {'mean': 0.9033838377160233, 'std': 0.0029681873006707944}}",0.8399726496404073,COMPLETE
21,0.8064819067657181,18.0,,5,11,160,0.8063979095007541,"{'accuracy': {'mean': 0.8225599656359858, 'std': 0.007851502997126211}, 'balanced_accuracy': {'mean': 0.8244267007172723, 'std': 0.00797253695091614}, 'brier_score': {'mean': 0.1302511031939196, 'std': 0.0012607956932896033}, 'cohen_kappa': {'mean': 0.6431151427076381, 'std': 0.01575365993662803}, 'f1': {'mean': 0.8063979095007541, 'std': 0.008590807498178395}, 'mean_absolute_stage_error': {'mean': 0.17744003436401407, 'std': 0.007851502997126182}, 'precision': {'mean': 0.775518182509663, 'std': 0.00986604632919863}, 'quadratic_weighted_kappa': {'mean': 0.6431151427076381, 'std': 0.01575365993662803}, 'recall': {'mean': 0.8399726496404073, 'std': 0.012561916565832477}, 'roc_auc': {'mean': 0.9033838377160233, 'std': 0.0029681873006707944}}",0.8399726496404073,COMPLETE
22,0.8078429259146775,18.0,,5,10,160,0.807759106798659,"{'accuracy': {'mean': 0.8245192130218904, 'std': 0.006107048428827365}, 'balanced_accuracy': {'mean': 0.8259848850135049, 'std': 0.006830706228482766}, 'brier_score': {'mean': 0.12964156240619348, 'std': 0.0009601485375319167}, 'cohen_kappa': {'mean': 0.6467385086016361, 'std': 0.012708799685848593}, 'f1': {'mean': 0.807759106798659, 'std': 0.0077542654593508375}, 'mean_absolute_stage_error': {'mean': 0.1754807869781097, 'std': 0.006107048428827346}, 'precision': {'mean': 0.7795363114903917, 'std': 0.004402433594807859}, 'quadratic_weighted_kappa': {'mean': 0.6467385086016361, 'std': 0.012708799685848593}, 'recall': {'mean': 0.8381911601854078, 'std': 0.01365329227947955}, 'roc_auc': {'mean': 0.9042956630010112, 'std': 0.0023080603836476386}}",0.8381911601854078,COMPLETE
23,0.8058574418292691,18.0,,3,9,240,0.8057744014800565,"{'accuracy': {'mean': 0.8239316497459374, 'std': 0.007183099540102906}, 'balanced_accuracy': {'mean': 0.8246263984008498, 'std': 0.007935376516019102}, 'brier_score': {'mean': 0.12830578110835683, 'std': 0.0011556457052026303}, 'cohen_kappa': {'mean': 0.6450158312735776, 'std': 0.014908104573059487}, 'f1': {'mean': 0.8057744014800565, 'std': 0.009026654230887917}, 'mean_absolute_stage_error': {'mean': 0.17606835025406262, 'std': 0.007183099540102917}, 'precision': {'mean': 0.7826545653989548, 'std': 0.005492362501288538}, 'quadratic_weighted_kappa': {'mean': 0.6450158312735776, 'std': 0.014908104573059487}, 'recall': {'mean': 0.8304034921256231, 'std': 0.015092796579027148}, 'roc_auc': {'mean': 0.905322599945675, 'std': 0.002715245243905396}}",0.8304034921256231,COMPLETE
24,0.8078429259146775,18.0,,5,7,160,0.807759106798659,"{'accuracy': {'mean': 0.8245192130218904, 'std': 0.006107048428827365}, 'balanced_accuracy': {'mean': 0.8259848850135049, 'std': 0.006830706228482766}, 'brier_score': {'mean': 0.12964156240619348, 'std': 0.0009601485375319167}, 'cohen_kappa': {'mean': 0.6467385086016361, 'std': 0.012708799685848593}, 'f1': {'mean': 0.807759106798659, 'std': 0.0077542654593508375}, 'mean_absolute_stage_error': {'mean': 0.1754807869781097, 'std': 0.006107048428827346}, 'precision': {'mean': 0.7795363114903917, 'std': 0.004402433594807859}, 'quadratic_weighted_kappa': {'mean': 0.6467385086016361, 'std': 0.012708799685848593}, 'recall': {'mean': 0.8381911601854078, 'std': 0.01365329227947955}, 'roc_auc': {'mean': 0.9042956630010112, 'std': 0.0023080603836476386}}",0.8381911601854078,COMPLETE
