number,value,params_colsample_bytree,params_learning_rate,params_max_depth,params_min_child_samples,params_n_estimators,params_num_leaves,params_reg_alpha,params_reg_lambda,params_subsample,user_attrs_f1,user_attrs_metrics,user_attrs_recall,state
46,0.8153017373807816,0.6613399211880978,0.10943008575903548,-1,21,80,32,2.0380898870571764,0.008543941619278572,0.6955865389909387,0.8152164045313647,"{'accuracy': {'mean': 0.8298068989785239, 'std': 0.0058157975439466925}, 'balanced_accuracy': {'mean': 0.8323290874936691, 'std': 0.005834655555923872}, 'brier_score': {'mean': 0.12161185318293917, 'std': 0.002197174990137293}, 'cohen_kappa': {'mean': 0.6580652426086279, 'std': 0.01159640947313952}, 'f1': {'mean': 0.8152164045313647, 'std': 0.0062664384676672565}, 'mean_absolute_stage_error': {'mean': 0.17019310102147608, 'std': 0.005815797543946665}, 'precision': {'mean': 0.7804924393305741, 'std': 0.008737289859448556}, 'quadratic_weighted_kappa': {'mean': 0.6580652426086279, 'std': 0.01159640947313952}, 'recall': {'mean': 0.8533284941694681, 'std': 0.01114221480006682}, 'roc_auc': {'mean': 0.910313832418753, 'std': 0.002865753097739134}}",0.8533284941694681,COMPLETE
47,0.8167445482032654,0.7487238713065588,0.24766750473261806,6,49,320,52,2.911900817157182e-06,0.0034097496250356384,0.95852815131224,0.8166619978813289,"{'accuracy': {'mean': 0.8369553617785679, 'std': 0.005486365818844601}, 'balanced_accuracy': {'mean': 0.835727354410335, 'std': 0.0059569777388530235}, 'brier_score': {'mean': 0.12790520210309114, 'std': 0.002699212623316803}, 'cohen_kappa': {'mean': 0.6698966481261227, 'std': 0.011360749103971678}, 'f1': {'mean': 0.8166619978813289, 'std': 0.006853617132620869}, 'mean_absolute_stage_error': {'mean': 0.16304463822143217, 'std': 0.005486365818844626}, 'precision': {'mean': 0.8080550773226983, 'std': 0.004801652960968408}, 'quadratic_weighted_kappa': {'mean': 0.6698966481261227, 'std': 0.011360749103971678}, 'recall': {'mean': 0.8255032193652438, 'std': 0.010640243995108456}, 'roc_auc': {'mean': 0.91499889343026, 'std': 0.0032623501436740495}}",0.8255032193652438,COMPLETE
48,0.8149669431678913,0.6875033686705625,0.032850320515918685,10,52,240,45,0.007854133597778978,0.06515323000699903,0.6554335242962309,0.81488189992509,"{'accuracy': {'mean': 0.8300026415418167, 'std': 0.006090862376152182}, 'balanced_accuracy': {'mean': 0.8321925491325957, 'std': 0.006162004752177402}, 'brier_score': {'mean': 0.11829608613269135, 'std': 0.0023206106203285093}, 'cohen_kappa': {'mean': 0.6582299702969223, 'std': 0.012224138414399392}, 'f1': {'mean': 0.81488189992509, 'std': 0.006632274434384743}, 'mean_absolute_stage_error': {'mean': 0.16999735845818337, 'std': 0.006090862376152211}, 'precision': {'mean': 0.782222230155606, 'std': 0.007238924032526511}, 'quadratic_weighted_kappa': {'mean': 0.6582299702969223, 'std': 0.012224138414399392}, 'recall': {'mean': 0.8504324280133085, 'std': 0.008460591189677628}, 'roc_auc': {'mean': 0.9147040363366254, 'std': 0.0032416861938070274}}",0.8504324280133085,COMPLETE
49,0.822419182603056,0.730810274971608,0.06562411378353403,-1,11,280,41,1.4147960451133142e-08,0.6958338491724906,0.8988573561870354,0.8223348514110114,"{'accuracy': {'mean': 0.8396970520680972, 'std': 0.007269339833619455}, 'balanced_accuracy': {'mean': 0.8400857150701417, 'std': 0.007557115336471965}, 'brier_score': {'mean': 0.11609240093114861, 'std': 0.0027891019785950327}, 'cohen_kappa': {'mean': 0.6764688905415882, 'std': 0.01476791483203675}, 'f1': {'mean': 0.8223348514110114, 'std': 0.008357216445051259}, 'mean_absolute_stage_error': {'mean': 0.16030294793190286, 'std': 0.00726933983361945}, 'precision': {'mean': 0.8024454075546931, 'std': 0.008149334815787149}, 'quadratic_weighted_kappa': {'mean': 0.6764688905415882, 'std': 0.01476791483203675}, 'recall': {'mean': 0.8433119204461279, 'std': 0.01178209875360541}, 'roc_auc': {'mean': 0.9174273417235425, 'std': 0.0030980963906157622}}",0.8433119204461279,COMPLETE
