number,value,params_colsample_bytree,params_learning_rate,params_max_depth,params_min_child_weight,params_n_estimators,params_reg_alpha,params_reg_lambda,params_subsample,user_attrs_f1,user_attrs_metrics,user_attrs_recall,state
45,0.8221577100342025,0.9837994247098991,0.08590506774064322,6,1.3198227603900738,320,0.714347816975902,4.785525301974987,0.8154272560631404,0.8220736902993325,"{'accuracy': {'mean': 0.8399916487008264, 'std': 0.00654881144143497}, 'balanced_accuracy': {'mean': 0.8400146726123264, 'std': 0.006742197584855033}, 'brier_score': {'mean': 0.11557501796831385, 'std': 0.0028371579158069185}, 'cohen_kappa': {'mean': 0.6768282888730581, 'std': 0.013273846847341252}, 'f1': {'mean': 0.8220736902993325, 'std': 0.007423964845445081}, 'mean_absolute_stage_error': {'mean': 0.16000835129917354, 'std': 0.006548811441434974}, 'precision': {'mean': 0.8047406399535134, 'std': 0.0070483962872790115}, 'quadratic_weighted_kappa': {'mean': 0.6768282888730581, 'std': 0.013273846847341252}, 'recall': {'mean': 0.840197348699743, 'std': 0.009167403917226752}, 'roc_auc': {'mean': 0.9181582977112871, 'std': 0.0030638297206477564}}",0.840197348699743,COMPLETE
46,0.8159716107340076,0.9776450880753371,0.19318553961150683,6,3.9212974273269614,320,0.6360806187394008,2.2065150182813826,0.9687896169923238,0.8158889043861972,"{'accuracy': {'mean': 0.8357809543396794, 'std': 0.003744826666747585}, 'balanced_accuracy': {'mean': 0.8348474858596775, 'std': 0.003816422144558526}, 'brier_score': {'mean': 0.12188113398350053, 'std': 0.0024204515326559043}, 'cohen_kappa': {'mean': 0.6677343403146704, 'std': 0.007564168340052279}, 'f1': {'mean': 0.8158889043861972, 'std': 0.004299671467772523}, 'mean_absolute_stage_error': {'mean': 0.16421904566032072, 'std': 0.0037448266667475948}, 'precision': {'mean': 0.8050845070490814, 'std': 0.006170244189191683}, 'quadratic_weighted_kappa': {'mean': 0.6677343403146704, 'std': 0.007564168340052279}, 'recall': {'mean': 0.8270634781036094, 'std': 0.007808223719613199}, 'roc_auc': {'mean': 0.915197683006646, 'std': 0.002630693392820086}}",0.8270634781036094,COMPLETE
47,0.8177727876995219,0.995957737262209,0.08136576856418214,6,2.1616224699681044,320,4.013268064369536,0.2003640616972142,0.8879894050164437,0.8176891243120906,"{'accuracy': {'mean': 0.8358782743013456, 'std': 0.006013453613298838}, 'balanced_accuracy': {'mean': 0.8359599787164719, 'std': 0.006298282281861411}, 'brier_score': {'mean': 0.11588768730215893, 'std': 0.002174692015950104}, 'cohen_kappa': {'mean': 0.668596689397946, 'std': 0.01226141338299546}, 'f1': {'mean': 0.8176891243120906, 'std': 0.007039808887406291}, 'mean_absolute_stage_error': {'mean': 0.16412172569865427, 'std': 0.006013453613298846}, 'precision': {'mean': 0.7996417912900339, 'std': 0.006764232764606941}, 'quadratic_weighted_kappa': {'mean': 0.668596689397946, 'std': 0.01226141338299546}, 'recall': {'mean': 0.8366338743122153, 'std': 0.010389678876562366}, 'roc_auc': {'mean': 0.917716413745531, 'std': 0.002213284977802155}}",0.8366338743122153,COMPLETE
48,0.8212425398915358,0.905513007348498,0.11978705920112333,6,1.405454434645085,320,0.6718256139450389,0.4809213211350619,0.84264086272684,0.8211591879117315,"{'accuracy': {'mean': 0.8402853344570673, 'std': 0.004182090941390232}, 'balanced_accuracy': {'mean': 0.8395615833391119, 'std': 0.00462972045261471}, 'brier_score': {'mean': 0.11861463965606087, 'std': 0.0022122700334046954}, 'cohen_kappa': {'mean': 0.6769343773072352, 'std': 0.008691785753748734}, 'f1': {'mean': 0.8211591879117315, 'std': 0.005352980100579106}, 'mean_absolute_stage_error': {'mean': 0.15971466554293273, 'std': 0.0041820909413902456}, 'precision': {'mean': 0.8092271067242127, 'std': 0.0044141640289753195}, 'quadratic_weighted_kappa': {'mean': 0.6769343773072352, 'std': 0.008691785753748734}, 'recall': {'mean': 0.8335197980433593, 'std': 0.009848423213285279}, 'roc_auc': {'mean': 0.916927314685438, 'std': 0.00268010523945389}}",0.8335197980433593,COMPLETE
49,0.8181214725262811,0.8695279426831007,0.1305998043462514,6,3.104005919094158,320,0.557579976164197,0.005313266112772935,0.8415022801843477,0.8180384098062581,"{'accuracy': {'mean': 0.8374455571519865, 'std': 0.003676800947894879}, 'balanced_accuracy': {'mean': 0.8367160712221462, 'std': 0.004177368304760521}, 'brier_score': {'mean': 0.11994125800895947, 'std': 0.002636206806609804}, 'cohen_kappa': {'mean': 0.6712136054597236, 'std': 0.007702654848035822}, 'f1': {'mean': 0.8180384098062581, 'std': 0.004877568760656341}, 'mean_absolute_stage_error': {'mean': 0.16255444284801354, 'std': 0.0036768009478948555}, 'precision': {'mean': 0.8059042020940858, 'std': 0.004224777327990302}, 'quadratic_weighted_kappa': {'mean': 0.6712136054597236, 'std': 0.007702654848035822}, 'recall': {'mean': 0.8306272002299016, 'std': 0.010007506235691266}, 'roc_auc': {'mean': 0.9169373393391883, 'std': 0.003044272896441039}}",0.8306272002299016,COMPLETE
