number,value,params_colsample_bytree,params_learning_rate,params_max_depth,params_min_child_weight,params_n_estimators,params_reg_alpha,params_reg_lambda,params_subsample,user_attrs_f1,user_attrs_metrics,user_attrs_recall,state
0,0.8149712701087184,0.7046065241548528,0.10550756919226546,6,2.715939723698229,160,3.3323645788192616e-08,3.905042189404141,0.8595304694689628,0.8148870057565925,"{'accuracy': {'mean': 0.8315692532203078, 'std': 0.0077853311176281845}, 'balanced_accuracy': {'mean': 0.8327569024783787, 'std': 0.007923372437604647}, 'brier_score': {'mean': 0.11823722027587658, 'std': 0.002500742912910713}, 'cohen_kappa': {'mean': 0.6606892820773403, 'std': 0.01567994445063063}, 'f1': {'mean': 0.8148870057565925, 'std': 0.008597906401906762}, 'mean_absolute_stage_error': {'mean': 0.16843074677969203, 'std': 0.007785331117628155}, 'precision': {'mean': 0.7889527263631737, 'std': 0.008948007884940256}, 'quadratic_weighted_kappa': {'mean': 0.6606892820773403, 'std': 0.01567994445063063}, 'recall': {'mean': 0.8426435212597021, 'std': 0.010784103314035823}, 'roc_auc': {'mean': 0.9142968066438828, 'std': 0.003015091309591614}}",0.8426435212597021,COMPLETE
1,0.7873742348046359,0.9413549242801476,0.010685033500506827,5,3.3357302174610375,240,4.329370014459266e-07,0.0009380647315224124,0.989468448256698,0.7872886352148912,"{'accuracy': {'mean': 0.7965131648020065, 'std': 0.004022347779764555}, 'balanced_accuracy': {'mean': 0.8028885873931968, 'std': 0.004311118302780993}, 'brier_score': {'mean': 0.1450750120315728, 'std': 0.0017267135947236785}, 'cohen_kappa': {'mean': 0.5946521440550259, 'std': 0.008171491055848473}, 'f1': {'mean': 0.7872886352148912, 'std': 0.004797304415381006}, 'mean_absolute_stage_error': {'mean': 0.2034868351979934, 'std': 0.004022347779764564}, 'precision': {'mean': 0.7288585989910892, 'std': 0.00475425134115081}, 'quadratic_weighted_kappa': {'mean': 0.5946521440550259, 'std': 0.008171491055848473}, 'recall': {'mean': 0.855995897446061, 'std': 0.010124078640408613}, 'roc_auc': {'mean': 0.8885286830534358, 'std': 0.003924929473100201}}",0.855995897446061,COMPLETE
2,0.7985430820017562,0.8641485131528328,0.04016365455719544,4,2.53443246717246,160,4.258943089524393e-06,0.008751754379612288,0.7519301990693147,0.7984583282912489,"{'accuracy': {'mean': 0.8117886593959547, 'std': 0.007168726612128399}, 'balanced_accuracy': {'mean': 0.8156192980291989, 'std': 0.00758224181578249}, 'brier_score': {'mean': 0.13199538939841354, 'std': 0.002176755856411816}, 'cohen_kappa': {'mean': 0.623026972705006, 'std': 0.014561545454083395}, 'f1': {'mean': 0.7984583282912489, 'std': 0.008267652223440029}, 'mean_absolute_stage_error': {'mean': 0.18821134060404535, 'std': 0.007168726612128393}, 'precision': {'mean': 0.7548242855850236, 'std': 0.007010324829651366}, 'quadratic_weighted_kappa': {'mean': 0.623026972705006, 'std': 0.014561545454083395}, 'recall': {'mean': 0.8475371050734422, 'std': 0.01307411689704781}, 'roc_auc': {'mean': 0.9001700208394239, 'std': 0.0040775529635243436}}",0.8475371050734422,COMPLETE
3,0.8005669024870327,0.8573450991017149,0.01901656047035859,5,1.5109545399199749,200,0.0029369981104377003,0.0008015922222732091,0.8299820534447641,0.8004812138599762,"{'accuracy': {'mean': 0.8120832080878163, 'std': 0.003864961420860543}, 'balanced_accuracy': {'mean': 0.8168845604367307, 'std': 0.0042089048362075315}, 'brier_score': {'mean': 0.1346651013363129, 'std': 0.0015192309594646615}, 'cohen_kappa': {'mean': 0.6243379314464529, 'std': 0.007908630804556598}, 'f1': {'mean': 0.8004812138599762, 'std': 0.004664406381950839}, 'mean_absolute_stage_error': {'mean': 0.18791679191218386, 'std': 0.0038649614208605405}, 'precision': {'mean': 0.751095112939142, 'std': 0.004106672940434514}, 'quadratic_weighted_kappa': {'mean': 0.6243379314464529, 'std': 0.007908630804556598}, 'recall': {'mean': 0.8568862705654141, 'std': 0.009304876051744161}, 'roc_auc': {'mean': 0.8983645804717877, 'std': 0.00321315123722263}}",0.8568862705654141,COMPLETE
4,0.8079966633260318,0.7566148192106797,0.22381833088786565,6,2.0743932540702223,80,0.014391207615728067,0.02154078727929886,0.9329390718407614,0.8079136674954752,"{'accuracy': {'mean': 0.8263800378061683, 'std': 0.003729957610994342}, 'balanced_accuracy': {'mean': 0.8267646332692413, 'std': 0.003884748350327569}, 'brier_score': {'mean': 0.12410999818422266, 'std': 0.002119860265306654}, 'cohen_kappa': {'mean': 0.6497292258493775, 'std': 0.007526672104894984}, 'f1': {'mean': 0.8079136674954752, 'std': 0.0044157597562511615}, 'mean_absolute_stage_error': {'mean': 0.17361996219383163, 'std': 0.003729957610994367}, 'precision': {'mean': 0.7871423359567992, 'std': 0.0069168338072791696}, 'quadratic_weighted_kappa': {'mean': 0.6497292258493775, 'std': 0.007526672104894984}, 'recall': {'mean': 0.8299583055659469, 'std': 0.01045824802916479}, 'roc_auc': {'mean': 0.9075912106699645, 'std': 0.0020053037218416008}}",0.8299583055659469,COMPLETE
5,0.7439932615215218,0.7405729935600059,0.01117051225882753,4,8.287745127893801,80,6.388511557344611e-06,0.0571342038590756,0.9682621407275738,0.7439058144447154,"{'accuracy': {'mean': 0.735115583035261, 'std': 0.0016321868860889107}, 'balanced_accuracy': {'mean': 0.7500518436006738, 'std': 0.002040485961676536}, 'brier_score': {'mean': 0.18984956948018705, 'std': 0.0011667907053507672}, 'cohen_kappa': {'mean': 0.4819692833243905, 'std': 0.0035483543051261185}, 'f1': {'mean': 0.7439058144447154, 'std': 0.0025626495678956916}, 'mean_absolute_stage_error': {'mean': 0.26488441696473897, 'std': 0.0016321868860889107}, 'precision': {'mean': 0.6472879923462782, 'std': 0.0014385698454924324}, 'quadratic_weighted_kappa': {'mean': 0.4819692833243905, 'std': 0.0035483543051261185}, 'recall': {'mean': 0.8744707680644913, 'std': 0.007338912778364312}, 'roc_auc': {'mean': 0.8545529324745011, 'std': 0.005171643810160734}}",0.8744707680644913,COMPLETE
6,0.8052529211933397,0.9788246295474662,0.2266841437863108,2,10.843100854704137,200,0.002404915432737351,7.706957642156787,0.9212964881763901,0.8051683006176443,"{'accuracy': {'mean': 0.8198185150507957, 'std': 0.0060193314668604255}, 'balanced_accuracy': {'mean': 0.8226483024315765, 'std': 0.005943823893127121}, 'brier_score': {'mean': 0.1273745009846523, 'std': 0.002338903249442813}, 'cohen_kappa': {'mean': 0.638324240723445, 'std': 0.011945659544023495}, 'f1': {'mean': 0.8051683006176443, 'std': 0.0062908691221468405}, 'mean_absolute_stage_error': {'mean': 0.18018148494920422, 'std': 0.006019331466860393}, 'precision': {'mean': 0.7679995987978993, 'std': 0.008139038402704366}, 'quadratic_weighted_kappa': {'mean': 0.638324240723445, 'std': 0.011945659544023495}, 'recall': {'mean': 0.8462057569534078, 'std': 0.008844883348066799}, 'roc_auc': {'mean': 0.9038670618918314, 'std': 0.003485131103826124}}",0.8462057569534078,COMPLETE
7,0.7170313810505727,0.7860370513913187,0.011567114555268345,2,3.984839349512855,80,0.28749982347407854,0.007783233969721202,0.7638656157671425,0.7169453363981378,"{'accuracy': {'mean': 0.7011358150402967, 'std': 0.00524780417363144}, 'balanced_accuracy': {'mean': 0.7182104171892163, 'std': 0.006027328904268137}, 'brier_score': {'mean': 0.21019731269186276, 'std': 0.00099783956328661}, 'cohen_kappa': {'mean': 0.4184575496480063, 'std': 0.010992726034346019}, 'f1': {'mean': 0.7169453363981378, 'std': 0.006678682906784674}, 'mean_absolute_stage_error': {'mean': 0.2988641849597033, 'std': 0.005247804173631439}, 'precision': {'mean': 0.6145048803418566, 'std': 0.0033776022328019352}, 'quadratic_weighted_kappa': {'mean': 0.4184575496480063, 'std': 0.010992726034346019}, 'recall': {'mean': 0.8604465243490044, 'std': 0.013649627260665419}, 'roc_auc': {'mean': 0.8160347514684976, 'std': 0.0068243534406632125}}",0.8604465243490044,COMPLETE
8,0.7641462208403645,0.6760927252879199,0.015739959562643655,4,11.855756302605691,120,0.08916674715636537,0.0011308312159169847,0.9307689432639139,0.7640610664124058,"{'accuracy': {'mean': 0.7686052035976745, 'std': 0.00578807417303875}, 'balanced_accuracy': {'mean': 0.7774942365948669, 'std': 0.0055449545509969}, 'brier_score': {'mean': 0.16308306418305035, 'std': 0.0013493722144099123}, 'cohen_kappa': {'mean': 0.5416993147646311, 'std': 0.011153832930317369}, 'f1': {'mean': 0.7640610664124058, 'std': 0.005377078013062837}, 'mean_absolute_stage_error': {'mean': 0.23139479640232546, 'std': 0.005788074173038763}, 'precision': {'mean': 0.6929160355455505, 'std': 0.006660014094898075}, 'quadratic_weighted_kappa': {'mean': 0.5416993147646311, 'std': 0.011153832930317369}, 'recall': {'mean': 0.8515442795880599, 'std': 0.006791258804485345}, 'roc_auc': {'mean': 0.8708385793102128, 'std': 0.004532999983516949}}",0.8515442795880599,COMPLETE
9,0.8137269066306173,0.919944621340081,0.0973070174846508,6,1.8144911690749939,80,1.683416412018213e-05,0.00041136312651386746,0.9051525088143455,0.8136419524746756,"{'accuracy': {'mean': 0.82882775469425, 'std': 0.006528401463272698}, 'balanced_accuracy': {'mean': 0.8310479670877629, 'std': 0.007103056916277399}, 'brier_score': {'mean': 0.12204864406345425, 'std': 0.0029622077648990782}, 'cohen_kappa': {'mean': 0.6558873155069712, 'std': 0.013440790450234599}, 'f1': {'mean': 0.8136419524746756, 'std': 0.007990609578175862}, 'mean_absolute_stage_error': {'mean': 0.1711722453057501, 'std': 0.006528401463272686}, 'precision': {'mean': 0.7807669378117356, 'std': 0.006717318186786431}, 'quadratic_weighted_kappa': {'mean': 0.6558873155069712, 'std': 0.013440790450234599}, 'recall': {'mean': 0.8495415594164266, 'std': 0.014231418294257645}, 'roc_auc': {'mean': 0.909882970352127, 'std': 0.003937133131206087}}",0.8495415594164266,COMPLETE
10,0.8049211953870047,0.6575775509708267,0.05298889684786049,3,6.012071763192807,320,1.3815073407783126e-08,13.166940501312423,0.656286656465187,0.804836152218525,"{'accuracy': {'mean': 0.8185450138381315, 'std': 0.007938996529909374}, 'balanced_accuracy': {'mean': 0.8219632987916332, 'std': 0.008076677643784624}, 'brier_score': {'mean': 0.12826039469091927, 'std': 0.0017597810953045951}, 'cohen_kappa': {'mean': 0.6362001503029073, 'std': 0.01592459284554067}, 'f1': {'mean': 0.804836152218525, 'std': 0.00861130229770822}, 'mean_absolute_stage_error': {'mean': 0.1814549861618685, 'std': 0.00793899652990937}, 'precision': {'mean': 0.7639234147380722, 'std': 0.008687445245281656}, 'quadratic_weighted_kappa': {'mean': 0.6362001503029073, 'std': 0.01592459284554067}, 'recall': {'mean': 0.8504316847970153, 'std': 0.010809681732095172}, 'roc_auc': {'mean': 0.9038786332569628, 'std': 0.0025422379269889783}}",0.8504316847970153,COMPLETE
11,0.8148618734097853,0.8949426984630736,0.10203343254119306,6,5.160297992411608,160,0.00011358672915292563,0.42687355782514635,0.8573743953803181,0.8147776757737086,"{'accuracy': {'mean': 0.831570068215061, 'std': 0.005869745843395729}, 'balanced_accuracy': {'mean': 0.8326857894236778, 'std': 0.005817495134000968}, 'brier_score': {'mean': 0.11860740590615629, 'std': 0.0023713533931040624}, 'cohen_kappa': {'mean': 0.6606464935421711, 'std': 0.011712294622450044}, 'f1': {'mean': 0.8147776757737086, 'std': 0.006246401108777455}, 'mean_absolute_stage_error': {'mean': 0.1684299317849392, 'std': 0.005869745843395702}, 'precision': {'mean': 0.7893397354281463, 'std': 0.00795811871841064}, 'quadratic_weighted_kappa': {'mean': 0.6606464935421711, 'std': 0.011712294622450044}, 'recall': {'mean': 0.8419763607670984, 'std': 0.008114818608557879}, 'roc_auc': {'mean': 0.9142429631829122, 'std': 0.0032052751690005866}}",0.8419763607670984,COMPLETE
12,0.8166943510193615,0.8290015136971365,0.10573035957218277,6,5.0088653356230175,160,6.915383851665652,0.5463344886744295,0.8432091840264316,0.8166099085430639,"{'accuracy': {'mean': 0.8331364401892131, 'std': 0.005988973789850612}, 'balanced_accuracy': {'mean': 0.8343475888003413, 'std': 0.0060834129651894725}, 'brier_score': {'mean': 0.11774404350628793, 'std': 0.0020803439836785584}, 'cohen_kappa': {'mean': 0.6638473979824961, 'std': 0.012050898462967677}, 'f1': {'mean': 0.8166099085430639, 'std': 0.006626844336558876}, 'mean_absolute_stage_error': {'mean': 0.166863559810787, 'std': 0.005988973789850595}, 'precision': {'mean': 0.7906294912507112, 'std': 0.007531087347383072}, 'quadratic_weighted_kappa': {'mean': 0.6638473979824961, 'std': 0.012050898462967677}, 'recall': {'mean': 0.844424762975937, 'std': 0.009290293855723426}, 'roc_auc': {'mean': 0.9149755858790101, 'std': 0.0025563454097427734}}",0.844424762975937,COMPLETE
13,0.8148581705434113,0.8131399766081109,0.11234981924292052,5,6.664674554230375,240,9.868745464853728,0.7344214423797472,0.8243938548735952,0.814773438658689,"{'accuracy': {'mean': 0.8304926930926317, 'std': 0.004958104780269008}, 'balanced_accuracy': {'mean': 0.8322971332329523, 'std': 0.004836242787091789}, 'brier_score': {'mean': 0.11837376885553456, 'std': 0.0022559241580828865}, 'cohen_kappa': {'mean': 0.6589531783036571, 'std': 0.009830824227669285}, 'f1': {'mean': 0.814773438658689, 'std': 0.005104005491997361}, 'mean_absolute_stage_error': {'mean': 0.1695073069073682, 'std': 0.004958104780269003}, 'precision': {'mean': 0.7846631148038873, 'std': 0.006621003531747692}, 'quadratic_weighted_kappa': {'mean': 0.6589531783036571, 'std': 0.009830824227669285}, 'recall': {'mean': 0.8473188472219814, 'std': 0.005490337982176085}, 'roc_auc': {'mean': 0.9143866754759475, 'std': 0.002691461566192721}}",0.8473188472219814,COMPLETE
14,0.8099365279228768,0.7167191336565385,0.06328293626740053,6,4.354787061194421,160,7.651248174309759,1.5890656163366255,0.765657842229616,0.8098513954197987,"{'accuracy': {'mean': 0.82412739230923, 'std': 0.005437466175767493}, 'balanced_accuracy': {'mean': 0.8270436036813079, 'std': 0.005687611011549886}, 'brier_score': {'mean': 0.12208560649162256, 'std': 0.0013174278790164995}, 'cohen_kappa': {'mean': 0.6469822423861503, 'std': 0.011007355863750495}, 'f1': {'mean': 0.8098513954197987, 'std': 0.006188115417634581}, 'mean_absolute_stage_error': {'mean': 0.1758726076907699, 'std': 0.005437466175767503}, 'precision': {'mean': 0.7722899057681619, 'std': 0.006131809307696287}, 'quadratic_weighted_kappa': {'mean': 0.6469822423861503, 'std': 0.011007355863750495}, 'recall': {'mean': 0.8513250307815415, 'std': 0.010004269274388652}, 'roc_auc': {'mean': 0.9103643435995986, 'std': 0.0019735441885358777}}",0.8513250307815415,COMPLETE
15,0.813859559926577,0.8153126865835205,0.15568935345074847,5,8.182204681112697,200,1.8555635772917604e-08,0.15649113893375421,0.8703391326097918,0.8137757182663309,"{'accuracy': {'mean': 0.8311787748519468, 'std': 0.006326143408121092}, 'balanced_accuracy': {'mean': 0.8319545554137804, 'std': 0.006539250397889501}, 'brier_score': {'mean': 0.11927357692348026, 'std': 0.0027912284155643613}, 'cohen_kappa': {'mean': 0.6596258121645643, 'std': 0.012819268277020757}, 'f1': {'mean': 0.8137757182663309, 'std': 0.007136899115871336}, 'mean_absolute_stage_error': {'mean': 0.16882122514805337, 'std': 0.006326143408121096}, 'precision': {'mean': 0.7905492048714249, 'std': 0.00618930351383323}, 'quadratic_weighted_kappa': {'mean': 0.6596258121645643, 'std': 0.012819268277020757}, 'recall': {'mean': 0.8384166024610369, 'std': 0.008521455684471936}, 'roc_auc': {'mean': 0.9136750384473729, 'std': 0.0035895541304274844}}",0.8384166024610369,COMPLETE
16,0.8048297291971095,0.699554484578323,0.03788612452747359,6,7.40761970468437,120,0.00012992768403067328,2.444134449842861,0.7935195211850015,0.8047444409654441,"{'accuracy': {'mean': 0.8179580258525924, 'std': 0.006338514926065279}, 'balanced_accuracy': {'mean': 0.8217021418757522, 'std': 0.006913830502266991}, 'brier_score': {'mean': 0.129244458961092, 'std': 0.0018804391021697098}, 'cohen_kappa': {'mean': 0.635252994319531, 'std': 0.012992429812915958}, 'f1': {'mean': 0.8047444409654441, 'std': 0.007647111876782904}, 'mean_absolute_stage_error': {'mean': 0.1820419741474076, 'std': 0.006338514926065267}, 'precision': {'mean': 0.7618780874544546, 'std': 0.006630691847755359}, 'quadratic_weighted_kappa': {'mean': 0.635252994319531, 'std': 0.012992429812915958}, 'recall': {'mean': 0.8528823166547339, 'std': 0.014680677998171415}, 'roc_auc': {'mean': 0.9036715969422602, 'std': 0.0035168133008564115}}",0.8528823166547339,COMPLETE
17,0.8170787535970994,0.7805398835804679,0.070499839911098,5,5.276461142650248,320,1.2645427938537928,2.925536691831142,0.6974101779960488,0.8169942887252175,"{'accuracy': {'mean': 0.8335282129610053, 'std': 0.00721217480945677}, 'balanced_accuracy': {'mean': 0.8347213456253737, 'std': 0.007427846466720229}, 'brier_score': {'mean': 0.11695439555616302, 'std': 0.0022746504584943428}, 'cohen_kappa': {'mean': 0.6646178762640104, 'std': 0.014585869802771401}, 'f1': {'mean': 0.8169942887252175, 'std': 0.008119107388477046}, 'mean_absolute_stage_error': {'mean': 0.16647178703899462, 'std': 0.007212174809456744}, 'precision': {'mean': 0.7911558587824205, 'std': 0.008276043436161491}, 'quadratic_weighted_kappa': {'mean': 0.6646178762640104, 'std': 0.014585869802771401}, 'recall': {'mean': 0.8446487188189797, 'std': 0.011148802281973905}, 'roc_auc': {'mean': 0.9161542896261128, 'std': 0.0031007558861587893}}",0.8446487188189797,COMPLETE
18,0.8145703391145745,0.8360707524883657,0.07411205234545916,5,5.29048061843039,320,0.5553974737160439,0.23479337302312592,0.6825627099912571,0.8144865419977583,"{'accuracy': {'mean': 0.8320598800615369, 'std': 0.003510312022688073}, 'balanced_accuracy': {'mean': 0.8326948297787327, 'std': 0.0035926317171089545}, 'brier_score': {'mean': 0.11772678287484314, 'std': 0.001426563811252033}, 'cohen_kappa': {'mean': 0.6613015801145359, 'std': 0.007064094539558692}, 'f1': {'mean': 0.8144865419977583, 'std': 0.0040148239334484295}, 'mean_absolute_stage_error': {'mean': 0.16794011993846308, 'std': 0.0035103120226880743}, 'precision': {'mean': 0.7923602195558386, 'std': 0.005834921980736403}, 'quadratic_weighted_kappa': {'mean': 0.6613015801145359, 'std': 0.007064094539558692}, 'recall': {'mean': 0.837971168162596, 'std': 0.008203405634229905}, 'roc_auc': {'mean': 0.915131812794084, 'std': 0.002053125351741991}}",0.837971168162596,COMPLETE
19,0.7909484143804519,0.7952140981645295,0.0293384175668884,3,9.207521407868944,280,0.902940601070848,0.9128177578040488,0.7093781043582127,0.7908642391151857,"{'accuracy': {'mean': 0.8041511518033196, 'std': 0.00654222288417605}, 'balanced_accuracy': {'mean': 0.8081816172784333, 'std': 0.006820292502298642}, 'brier_score': {'mean': 0.1370136926820932, 'std': 0.001583299173021483}, 'cohen_kappa': {'mean': 0.6079750441988017, 'std': 0.013217932885157007}, 'f1': {'mean': 0.7908642391151857, 'std': 0.007364960544741483}, 'mean_absolute_stage_error': {'mean': 0.1958488481966803, 'std': 0.006542222884176042}, 'precision': {'mean': 0.7458217807216398, 'std': 0.006549583016940785}, 'quadratic_weighted_kappa': {'mean': 0.6079750441988017, 'std': 0.013217932885157007}, 'recall': {'mean': 0.8417526526628201, 'std': 0.01076737896600959}, 'roc_auc': {'mean': 0.8938458023585119, 'std': 0.0032588551668029674}}",0.8417526526628201,COMPLETE
20,0.8158239265005496,0.7661590905392681,0.14216293482222103,4,6.329939509043005,280,0.03779359165489,0.08639807086899792,0.720477267323009,0.8157396845935556,"{'accuracy': {'mean': 0.8325482536819784, 'std': 0.009579148498803381}, 'balanced_accuracy': {'mean': 0.8336061388031769, 'std': 0.009615643601133737}, 'brier_score': {'mean': 0.1184296373061651, 'std': 0.003312544072096684}, 'cohen_kappa': {'mean': 0.6625693942668933, 'std': 0.019229147594752288}, 'f1': {'mean': 0.8157396845935556, 'std': 0.0103657365648667}, 'mean_absolute_stage_error': {'mean': 0.16745174631802148, 'std': 0.009579148498803394}, 'precision': {'mean': 0.7907065508017428, 'std': 0.010815676806800014}, 'quadratic_weighted_kappa': {'mean': 0.6625693942668933, 'std': 0.019229147594752288}, 'recall': {'mean': 0.8424190699391307, 'std': 0.010153697267719938}, 'roc_auc': {'mean': 0.9142405969420994, 'std': 0.003943032133168864}}",0.8424190699391307,COMPLETE
21,0.8143913127080648,0.7665808028174466,0.1519296084136712,4,6.193498412111078,280,0.04734963771468241,0.06551787733005471,0.7314591898986856,0.8143076047028821,"{'accuracy': {'mean': 0.8320599759432724, 'std': 0.006629531498267336}, 'balanced_accuracy': {'mean': 0.8325978512901978, 'std': 0.007071730533263704}, 'brier_score': {'mean': 0.1192969188425325, 'std': 0.0027186123295580896}, 'cohen_kappa': {'mean': 0.6612274545269266, 'std': 0.013587458238870401}, 'f1': {'mean': 0.8143076047028821, 'std': 0.007890855401974015}, 'mean_absolute_stage_error': {'mean': 0.16794002405672745, 'std': 0.0066295314982673095}, 'precision': {'mean': 0.7927805542808704, 'std': 0.005850367378664999}, 'quadratic_weighted_kappa': {'mean': 0.6612274545269266, 'std': 0.013587458238870401}, 'recall': {'mean': 0.8370800518269494, 'std': 0.011468625680820929}, 'roc_auc': {'mean': 0.9132140005344114, 'std': 0.0036711751691810173}}",0.8370800518269494,COMPLETE
