number,value,params_l2_regularization,params_learning_rate,params_max_iter,params_max_leaf_nodes,params_min_samples_leaf,user_attrs_f1,user_attrs_metrics,user_attrs_recall,state
48,0.8186514892618759,6.42266214431886e-08,0.10271676198499859,280,61,12,0.8185688721495685,"{'accuracy': {'mean': 0.8389141297557942, 'std': 0.00650975899126046}, 'balanced_accuracy': {'mean': 0.8375482379682507, 'std': 0.007132424833900255}, 'brier_score': {'mean': 0.12347806259968434, 'std': 0.00224188073016708}, 'cohen_kappa': {'mean': 0.6737484099837543, 'std': 0.013520813960481824}, 'f1': {'mean': 0.8185688721495685, 'std': 0.008220161573413}, 'mean_absolute_stage_error': {'mean': 0.16108587024420598, 'std': 0.006509758991260464}, 'precision': {'mean': 0.8111717188942468, 'std': 0.005273782336625857}, 'quadratic_weighted_kappa': {'mean': 0.6737484099837543, 'std': 0.013520813960481824}, 'recall': {'mean': 0.8261711230741409, 'std': 0.012966220328713664}, 'roc_auc': {'mean': 0.9178403859693276, 'std': 0.0019417592300093706}}",0.8261711230741409,COMPLETE
49,0.8160269968395849,3.278095221974135e-06,0.2130101418747598,200,46,37,0.815944401676932,"{'accuracy': {'mean': 0.8360751195045981, 'std': 0.005316760629211734}, 'balanced_accuracy': {'mean': 0.8349908607716025, 'std': 0.005617984074606186}, 'brier_score': {'mean': 0.12804131287206463, 'std': 0.0036431786002887644}, 'cohen_kappa': {'mean': 0.6682223186387131, 'std': 0.01089712517623128}, 'f1': {'mean': 0.815944401676932, 'std': 0.006400354921433671}, 'mean_absolute_stage_error': {'mean': 0.16392488049540174, 'std': 0.005316760629211721}, 'precision': {'mean': 0.8062498177106494, 'std': 0.006472588418030376}, 'quadratic_weighted_kappa': {'mean': 0.6682223186387131, 'std': 0.01089712517623128}, 'recall': {'mean': 0.8259516265288578, 'std': 0.010189973849423379}, 'roc_auc': {'mean': 0.9140718630806537, 'std': 0.0036200094745812536}}",0.8259516265288578,COMPLETE
