number,value,params_max_depth,params_max_features,params_min_samples_leaf,params_min_samples_split,params_n_estimators,user_attrs_f1,user_attrs_metrics,user_attrs_recall,state
0,0.7978261862552399,,log2,7,2,200,0.7977425897572751,"{'accuracy': {'mean': 0.8135513012829456, 'std': 0.006588517085592774}, 'balanced_accuracy': {'mean': 0.8159542577762131, 'std': 0.007220111744693775}, 'brier_score': {'mean': 0.1380320755463413, 'std': 0.0010747521949991995}, 'cohen_kappa': {'mean': 0.625477382968161, 'std': 0.013587782051493594}, 'f1': {'mean': 0.7977425897572751, 'std': 0.008110033033198273}, 'mean_absolute_stage_error': {'mean': 0.18644869871705444, 'std': 0.006588517085592785}, 'precision': {'mean': 0.7629712808137956, 'std': 0.006232147025196225}, 'quadratic_weighted_kappa': {'mean': 0.625477382968161, 'std': 0.013587782051493594}, 'recall': {'mean': 0.8359649796482606, 'std': 0.014588539307299609}, 'roc_auc': {'mean': 0.8943919877055235, 'std': 0.0030936010873456473}}",0.8359649796482606,COMPLETE
1,0.8005159604502811,,log2,4,7,320,0.8004330981756924,"{'accuracy': {'mean': 0.8182519513131723, 'std': 0.005983903442340274}, 'balanced_accuracy': {'mean': 0.8193645546698687, 'std': 0.006580684308111107}, 'brier_score': {'mean': 0.1350689040804185, 'std': 0.0012646598166359579}, 'cohen_kappa': {'mean': 0.633936208420468, 'std': 0.01239008187656581}, 'f1': {'mean': 0.8004330981756924, 'std': 0.0074763808725498895}, 'mean_absolute_stage_error': {'mean': 0.18174804868682773, 'std': 0.005983903442340247}, 'precision': {'mean': 0.774179809263596, 'std': 0.00531160191524808}, 'quadratic_weighted_kappa': {'mean': 0.633936208420468, 'std': 0.01239008187656581}, 'recall': {'mean': 0.8286227458869171, 'std': 0.012947496350857119}, 'roc_auc': {'mean': 0.8981362999661568, 'std': 0.003381487059058319}}",0.8286227458869171,COMPLETE
2,0.7925077472663139,10.0,sqrt,1,8,160,0.7924244847945251,"{'accuracy': {'mean': 0.8081654803698924, 'std': 0.00657473028263596}, 'balanced_accuracy': {'mean': 0.8107870880641395, 'std': 0.007586425033344876}, 'brier_score': {'mean': 0.14039400412997266, 'std': 0.0018453713791198375}, 'cohen_kappa': {'mean': 0.6148749878139157, 'std': 0.013860758910684685}, 'f1': {'mean': 0.7924244847945251, 'std': 0.0087461402579328}, 'mean_absolute_stage_error': {'mean': 0.19183451963010745, 'std': 0.006574730282635957}, 'precision': {'mean': 0.7560407659696604, 'std': 0.0037614467521369533}, 'quadratic_weighted_kappa': {'mean': 0.6148749878139157, 'std': 0.013860758910684685}, 'recall': {'mean': 0.8326247178874819, 'std': 0.016652572841461336}, 'roc_auc': {'mean': 0.8915407960886395, 'std': 0.0046530554950375315}}",0.8326247178874819,COMPLETE
3,0.8001213584749515,,,1,6,320,0.8000400987728821,"{'accuracy': {'mean': 0.8212875670632813, 'std': 0.005892425597153887}, 'balanced_accuracy': {'mean': 0.8203565651528958, 'std': 0.005845498018036889}, 'brier_score': {'mean': 0.13355245749252442, 'std': 0.0020527762994671213}, 'cohen_kappa': {'mean': 0.6385678809598684, 'std': 0.011775753685362106}, 'f1': {'mean': 0.8000400987728821, 'std': 0.0064080359201423584}, 'mean_absolute_stage_error': {'mean': 0.17871243293671854, 'std': 0.00589242559715389}, 'precision': {'mean': 0.7879764681454944, 'std': 0.00891976610722286}, 'quadratic_weighted_kappa': {'mean': 0.6385678809598684, 'std': 0.011775753685362106}, 'recall': {'mean': 0.8125970206936189, 'std': 0.00971886625823779}, 'roc_auc': {'mean': 0.8947923071173041, 'std': 0.004104892671755854}}",0.8125970206936189,COMPLETE
4,0.8004634836204804,,sqrt,7,12,160,0.8003800202325536,"{'accuracy': {'mean': 0.8168814657249163, 'std': 0.004627953800116006}, 'balanced_accuracy': {'mean': 0.8187858993701715, 'std': 0.0054601559664068985}, 'brier_score': {'mean': 0.13628024499548902, 'std': 0.0011895073794825196}, 'cohen_kappa': {'mean': 0.6317669692116415, 'std': 0.009837411667181535}, 'f1': {'mean': 0.8003800202325536, 'std': 0.0064030561042903045}, 'mean_absolute_stage_error': {'mean': 0.18311853427508376, 'std': 0.004627953800116005}, 'precision': {'mean': 0.7689265236508402, 'std': 0.0031979458605279503}, 'quadratic_weighted_kappa': {'mean': 0.6317669692116415, 'std': 0.009837411667181535}, 'recall': {'mean': 0.8346338792669906, 'std': 0.013332255601161951}, 'roc_auc': {'mean': 0.8958915963054599, 'std': 0.003005547659436048}}",0.8346338792669906,COMPLETE
5,0.8018637158389114,18.0,,7,4,320,0.8017802304765562,"{'accuracy': {'mean': 0.8183497986243846, 'std': 0.007071112214245254}, 'balanced_accuracy': {'mean': 0.8201188594478817, 'std': 0.006566431497558255}, 'brier_score': {'mean': 0.13440961615321206, 'std': 0.0019354540701441772}, 'cohen_kappa': {'mean': 0.6346376431428407, 'std': 0.013756716121590264}, 'f1': {'mean': 0.8017802304765562, 'std': 0.0066819642503519305}, 'mean_absolute_stage_error': {'mean': 0.18165020137561524, 'std': 0.007071112214245253}, 'precision': {'mean': 0.7713453310152636, 'std': 0.011208005952853187}, 'quadratic_weighted_kappa': {'mean': 0.6346376431428407, 'std': 0.013756716121590264}, 'recall': {'mean': 0.834853623551038, 'std': 0.007609521078996997}, 'roc_auc': {'mean': 0.8945543682898418, 'std': 0.0038453484365803025}}",0.834853623551038,COMPLETE
6,0.7944924496419149,10.0,,7,2,120,0.7944079181035315,"{'accuracy': {'mean': 0.8074809327183476, 'std': 0.0043929226955751275}, 'balanced_accuracy': {'mean': 0.8115360270552049, 'std': 0.003753892132952856}, 'brier_score': {'mean': 0.13903743689203543, 'std': 0.0020828461190663347}, 'cohen_kappa': {'mean': 0.6146383274359739, 'std': 0.008215567596560976}, 'f1': {'mean': 0.7944079181035315, 'std': 0.0035192353555896045}, 'mean_absolute_stage_error': {'mean': 0.1925190672816521, 'std': 0.004392922695575133}, 'precision': {'mean': 0.7494027003377172, 'std': 0.008397466259786827}, 'quadratic_weighted_kappa': {'mean': 0.6146383274359739, 'std': 0.008215567596560976}, 'recall': {'mean': 0.8453153838340548, 'std': 0.007567745357606009}, 'roc_auc': {'mean': 0.8887011646180945, 'std': 0.004120849321089898}}",0.8453153838340548,COMPLETE
7,0.788718297674838,10.0,log2,3,2,120,0.7886348568806867,"{'accuracy': {'mean': 0.8032697110076548, 'std': 0.004479202536914931}, 'balanced_accuracy': {'mean': 0.8066079285663859, 'std': 0.00519337293313003}, 'brier_score': {'mean': 0.1437079619767172, 'std': 0.0017831528572306115}, 'cohen_kappa': {'mean': 0.6056751743354662, 'std': 0.00941428764442937}, 'f1': {'mean': 0.7886348568806867, 'std': 0.0060860547490665514}, 'mean_absolute_stage_error': {'mean': 0.19673028899234526, 'std': 0.004479202536914939}, 'precision': {'mean': 0.7477641718801675, 'std': 0.00506104760585318}, 'quadratic_weighted_kappa': {'mean': 0.6056751743354662, 'std': 0.00941428764442937}, 'recall': {'mean': 0.8344079415138325, 'std': 0.014213907199989367}, 'roc_auc': {'mean': 0.8882335946204734, 'std': 0.004209395513371026}}",0.8344079415138325,COMPLETE
8,0.8019669991248582,14.0,sqrt,4,10,320,0.8018834692438471,"{'accuracy': {'mean': 0.8184476459355972, 'std': 0.007068385233514005}, 'balanced_accuracy': {'mean': 0.8202538871873986, 'std': 0.007603935296227666}, 'brier_score': {'mean': 0.13477092949785946, 'std': 0.0012949050382535313}, 'cohen_kappa': {'mean': 0.6348313514276964, 'std': 0.014484600145875496}, 'f1': {'mean': 0.8018834692438471, 'std': 0.00844080081123013}, 'mean_absolute_stage_error': {'mean': 0.1815523540644028, 'std': 0.007068385233514014}, 'precision': {'mean': 0.7711261676298339, 'std': 0.00671384768714275}, 'quadratic_weighted_kappa': {'mean': 0.6348313514276964, 'std': 0.014484600145875496}, 'recall': {'mean': 0.8352988101107144, 'std': 0.013846257743195128}, 'roc_auc': {'mean': 0.8982186220792814, 'std': 0.0033829757235327032}}",0.8352988101107144,COMPLETE
9,0.8016376312561995,18.0,sqrt,4,4,120,0.8015547692293495,"{'accuracy': {'mean': 0.8195249251762906, 'std': 0.00803636131604498}, 'balanced_accuracy': {'mean': 0.8204996031359558, 'std': 0.00856375358535242}, 'brier_score': {'mean': 0.1342710391445659, 'std': 0.0017381472685449656}, 'cohen_kappa': {'mean': 0.6363859488252798, 'std': 0.01646732669329838}, 'f1': {'mean': 0.8015547692293495, 'std': 0.009540205350229808}, 'mean_absolute_stage_error': {'mean': 0.18047507482370945, 'std': 0.008036361316044956}, 'precision': {'mean': 0.7762348931453563, 'std': 0.0067748680750906835}, 'quadratic_weighted_kappa': {'mean': 0.6363859488252798, 'std': 0.01646732669329838}, 'recall': {'mean': 0.8286202684992728, 'std': 0.013318954816027883}, 'roc_auc': {'mean': 0.8977477291653064, 'std': 0.003866876291520855}}",0.8286202684992728,COMPLETE
10,0.8024685194965243,14.0,sqrt,5,12,240,0.8023847668735902,"{'accuracy': {'mean': 0.8185459247146201, 'std': 0.0061134448053595785}, 'balanced_accuracy': {'mean': 0.8205814188513507, 'std': 0.0067590061749993584}, 'brier_score': {'mean': 0.1353813833102529, 'std': 0.0012066543163007262}, 'cohen_kappa': {'mean': 0.6351921208441663, 'std': 0.012653305108109924}, 'f1': {'mean': 0.8023847668735902, 'std': 0.007663031569283231}, 'mean_absolute_stage_error': {'mean': 0.18145407528538, 'std': 0.006113444805359591}, 'precision': {'mean': 0.7701838447409071, 'std': 0.0057102378948449125}, 'quadratic_weighted_kappa': {'mean': 0.6351921208441663, 'std': 0.012653305108109924}, 'recall': {'mean': 0.8375262293416839, 'std': 0.014144639788941015}, 'roc_auc': {'mean': 0.8974289662687586, 'std': 0.002968816550945297}}",0.8375262293416839,COMPLETE
11,0.8024685194965243,14.0,sqrt,5,12,240,0.8023847668735902,"{'accuracy': {'mean': 0.8185459247146201, 'std': 0.0061134448053595785}, 'balanced_accuracy': {'mean': 0.8205814188513507, 'std': 0.0067590061749993584}, 'brier_score': {'mean': 0.13538138331025287, 'std': 0.001206654316300734}, 'cohen_kappa': {'mean': 0.6351921208441663, 'std': 0.012653305108109924}, 'f1': {'mean': 0.8023847668735902, 'std': 0.007663031569283231}, 'mean_absolute_stage_error': {'mean': 0.18145407528538, 'std': 0.006113444805359591}, 'precision': {'mean': 0.7701838447409071, 'std': 0.0057102378948449125}, 'quadratic_weighted_kappa': {'mean': 0.6351921208441663, 'std': 0.012653305108109924}, 'recall': {'mean': 0.8375262293416839, 'std': 0.014144639788941015}, 'roc_auc': {'mean': 0.8974289662687586, 'std': 0.002968816550945297}}",0.8375262293416839,COMPLETE
12,0.8024685194965243,14.0,sqrt,5,12,240,0.8023847668735902,"{'accuracy': {'mean': 0.8185459247146201, 'std': 0.0061134448053595785}, 'balanced_accuracy': {'mean': 0.8205814188513507, 'std': 0.0067590061749993584}, 'brier_score': {'mean': 0.1353813833102529, 'std': 0.0012066543163007349}, 'cohen_kappa': {'mean': 0.6351921208441663, 'std': 0.012653305108109924}, 'f1': {'mean': 0.8023847668735902, 'std': 0.007663031569283231}, 'mean_absolute_stage_error': {'mean': 0.18145407528538, 'std': 0.006113444805359591}, 'precision': {'mean': 0.7701838447409071, 'std': 0.0057102378948449125}, 'quadratic_weighted_kappa': {'mean': 0.6351921208441663, 'std': 0.012653305108109924}, 'recall': {'mean': 0.8375262293416839, 'std': 0.014144639788941015}, 'roc_auc': {'mean': 0.8974289662687586, 'std': 0.002968816550945297}}",0.8375262293416839,COMPLETE
13,0.7980909049738578,14.0,sqrt,5,10,240,0.7980077755625594,"{'accuracy': {'mean': 0.8149226498068224, 'std': 0.006167338972684058}, 'balanced_accuracy': {'mean': 0.8166784179563029, 'std': 0.007083624647243115}, 'brier_score': {'mean': 0.13526139447599225, 'std': 0.0011161730540559804}, 'cohen_kappa': {'mean': 0.6277334986269262, 'std': 0.012960403232182487}, 'f1': {'mean': 0.7980077755625594, 'std': 0.008202886296767926}, 'mean_absolute_stage_error': {'mean': 0.18507735019317773, 'std': 0.006167338972684064}, 'precision': {'mean': 0.7674441440398934, 'std': 0.00525288670536343}, 'quadratic_weighted_kappa': {'mean': 0.6277334986269262, 'std': 0.012960403232182487}, 'recall': {'mean': 0.8312941129837409, 'std': 0.016587364939937357}, 'roc_auc': {'mean': 0.8974178645112806, 'std': 0.0030421480014441197}}",0.8312941129837409,COMPLETE
14,0.7651806547447624,6.0,sqrt,6,10,240,0.7650968357526132,"{'accuracy': {'mean': 0.7735999229110846, 'std': 0.006125408523772985}, 'balanced_accuracy': {'mean': 0.7805216901843333, 'std': 0.006671976942222124}, 'brier_score': {'mean': 0.1608462610286292, 'std': 0.0013815552704809927}, 'cohen_kappa': {'mean': 0.5497806762867059, 'std': 0.012530293527195306}, 'f1': {'mean': 0.7650968357526132, 'std': 0.0073227227614876}, 'mean_absolute_stage_error': {'mean': 0.22640007708891546, 'std': 0.006125408523773003}, 'precision': {'mean': 0.7038151345214416, 'std': 0.005524804774817427}, 'quadratic_weighted_kappa': {'mean': 0.5497806762867059, 'std': 0.012530293527195306}, 'recall': {'mean': 0.8381899214915854, 'std': 0.013939097535485348}, 'roc_auc': {'mean': 0.8669753932259223, 'std': 0.0042241913788797795}}",0.8381899214915854,COMPLETE
15,0.7992677750745025,14.0,sqrt,3,12,280,0.7991844454655086,"{'accuracy': {'mean': 0.8158040426616194, 'std': 0.005280268426728911}, 'balanced_accuracy': {'mean': 0.8176793299575185, 'std': 0.00600058534826653}, 'brier_score': {'mean': 0.13535307908784497, 'std': 0.001047220743344281}, 'cohen_kappa': {'mean': 0.629591619943842, 'std': 0.011039515505102196}, 'f1': {'mean': 0.7991844454655086, 'std': 0.006896810968313768}, 'mean_absolute_stage_error': {'mean': 0.18419595733838054, 'std': 0.005280268426728897}, 'precision': {'mean': 0.7678713297501994, 'std': 0.004856730391947734}, 'quadratic_weighted_kappa': {'mean': 0.629591619943842, 'std': 0.011039515505102196}, 'recall': {'mean': 0.8332960899390811, 'std': 0.013901979239802152}, 'roc_auc': {'mean': 0.8971205680868193, 'std': 0.0029557643452854253}}",0.8332960899390811,COMPLETE
16,0.7975326979585776,14.0,sqrt,8,11,200,0.797449123484589,"{'accuracy': {'mean': 0.813258286698854, 'std': 0.004633978835947288}, 'balanced_accuracy': {'mean': 0.815669006814782, 'std': 0.005436441582741974}, 'brier_score': {'mean': 0.13686908351941676, 'std': 0.0012154505706391174}, 'cohen_kappa': {'mean': 0.6248977258984003, 'std': 0.009819886472485738}, 'f1': {'mean': 0.797449123484589, 'std': 0.006322941738209068}, 'mean_absolute_stage_error': {'mean': 0.18674171330114583, 'std': 0.004633978835947281}, 'precision': {'mean': 0.7625972024955795, 'std': 0.003069145364205194}, 'quadratic_weighted_kappa': {'mean': 0.6248977258984003, 'std': 0.009819886472485738}, 'recall': {'mean': 0.8357447398866842, 'std': 0.012999307706442214}, 'roc_auc': {'mean': 0.8958649863990111, 'std': 0.0035008964637570144}}",0.8357447398866842,COMPLETE
17,0.763907551706608,6.0,sqrt,5,9,280,0.7638240441716334,"{'accuracy': {'mean': 0.7728166650127068, 'std': 0.007321588774334673}, 'balanced_accuracy': {'mean': 0.7794888798356163, 'std': 0.00762677565679987}, 'brier_score': {'mean': 0.16062402430019013, 'std': 0.0014361593932456886}, 'cohen_kappa': {'mean': 0.5480176833815884, 'std': 0.014709564959207042}, 'f1': {'mean': 0.7638240441716334, 'std': 0.008023589776421721}, 'mean_absolute_stage_error': {'mean': 0.22718333498729323, 'std': 0.007321588774334639}, 'precision': {'mean': 0.7038211989864995, 'std': 0.006875020050474771}, 'quadratic_weighted_kappa': {'mean': 0.5480176833815884, 'std': 0.014709564959207042}, 'recall': {'mean': 0.8350753497452008, 'std': 0.012010027882715388}, 'roc_auc': {'mean': 0.8672114176855563, 'std': 0.004406491932849924}}",0.8350753497452008,COMPLETE
18,0.7997975198880809,14.0,,2,11,200,0.799714524330037,"{'accuracy': {'mean': 0.8170765371160595, 'std': 0.009017824716742177}, 'balanced_accuracy': {'mean': 0.8184567806082083, 'std': 0.008785307200298713}, 'brier_score': {'mean': 0.13497086124216137, 'std': 0.0021550278862831943}, 'cohen_kappa': {'mean': 0.6318028175391388, 'std': 0.017833178848360512}, 'f1': {'mean': 0.799714524330037, 'std': 0.009243256104411526}, 'mean_absolute_stage_error': {'mean': 0.1829234628839404, 'std': 0.00901782471674216}, 'precision': {'mean': 0.7717474781158612, 'std': 0.012572657043481135}, 'quadratic_weighted_kappa': {'mean': 0.6318028175391388, 'std': 0.017833178848360512}, 'recall': {'mean': 0.829955580439538, 'std': 0.01170677483498626}, 'roc_auc': {'mean': 0.892405363110002, 'std': 0.004144461021016828}}",0.829955580439538,COMPLETE
19,0.7972861213084772,14.0,log2,6,11,280,0.797202613723955,"{'accuracy': {'mean': 0.8131601517424348, 'std': 0.006374138734896655}, 'balanced_accuracy': {'mean': 0.8155092317047211, 'std': 0.0074349060864809325}, 'brier_score': {'mean': 0.13773225017465057, 'std': 0.0012203518595643179}, 'cohen_kappa': {'mean': 0.6246443383585965, 'std': 0.013480224424025368}, 'f1': {'mean': 0.797202613723955, 'std': 0.008584134304286787}, 'mean_absolute_stage_error': {'mean': 0.18683984825756522, 'std': 0.006374138734896644}, 'precision': {'mean': 0.7627417325856477, 'std': 0.003360090906070425}, 'quadratic_weighted_kappa': {'mean': 0.6246443383585965, 'std': 0.013480224424025368}, 'recall': {'mean': 0.8350758452227295, 'std': 0.016870366481146745}, 'roc_auc': {'mean': 0.8953682668490052, 'std': 0.003354556053615596}}",0.8350758452227295,COMPLETE
20,0.7996677932519515,14.0,sqrt,6,9,240,0.7995843523339307,"{'accuracy': {'mean': 0.8159996414023087, 'std': 0.005396655494453866}, 'balanced_accuracy': {'mean': 0.8179736373295674, 'std': 0.005821657646739965}, 'brier_score': {'mean': 0.13542643779577185, 'std': 0.0012153139143152398}, 'cohen_kappa': {'mean': 0.6300618837765802, 'std': 0.011048074850333135}, 'f1': {'mean': 0.7995843523339307, 'std': 0.0065389999198911105}, 'mean_absolute_stage_error': {'mean': 0.18400035859769126, 'std': 0.005396655494453861}, 'precision': {'mean': 0.7676729152461736, 'std': 0.006628111873189011}, 'quadratic_weighted_kappa': {'mean': 0.6300618837765802, 'std': 0.011048074850333135}, 'recall': {'mean': 0.8344091802076546, 'std': 0.012805385345375299}, 'roc_auc': {'mean': 0.8974761996268695, 'std': 0.0032028533006884185}}",0.8344091802076546,COMPLETE
21,0.8024685194965243,14.0,sqrt,5,12,240,0.8023847668735902,"{'accuracy': {'mean': 0.8185459247146201, 'std': 0.0061134448053595785}, 'balanced_accuracy': {'mean': 0.8205814188513507, 'std': 0.0067590061749993584}, 'brier_score': {'mean': 0.1353813833102529, 'std': 0.0012066543163007262}, 'cohen_kappa': {'mean': 0.6351921208441663, 'std': 0.012653305108109924}, 'f1': {'mean': 0.8023847668735902, 'std': 0.007663031569283231}, 'mean_absolute_stage_error': {'mean': 0.18145407528538, 'std': 0.006113444805359591}, 'precision': {'mean': 0.7701838447409071, 'std': 0.0057102378948449125}, 'quadratic_weighted_kappa': {'mean': 0.6351921208441663, 'std': 0.012653305108109924}, 'recall': {'mean': 0.8375262293416839, 'std': 0.014144639788941015}, 'roc_auc': {'mean': 0.8974289662687586, 'std': 0.002968816550945297}}",0.8375262293416839,COMPLETE
22,0.8021998363162267,14.0,sqrt,5,12,280,0.8021160393232798,"{'accuracy': {'mean': 0.8181539122384885, 'std': 0.006910072539191045}, 'balanced_accuracy': {'mean': 0.8202788698668746, 'std': 0.007668634588529181}, 'brier_score': {'mean': 0.13531683225384689, 'std': 0.0011748347320706175}, 'cohen_kappa': {'mean': 0.6344681383433499, 'std': 0.014326440185866164}, 'f1': {'mean': 0.8021160393232798, 'std': 0.00865042783218205}, 'mean_absolute_stage_error': {'mean': 0.18184608776151143, 'std': 0.006910072539191052}, 'precision': {'mean': 0.76930401297154, 'std': 0.005463146582115197}, 'quadratic_weighted_kappa': {'mean': 0.6344681383433499, 'std': 0.014326440185866164}, 'recall': {'mean': 0.8379699294687738, 'std': 0.015248515545968738}, 'roc_auc': {'mean': 0.8976252259538395, 'std': 0.0029959063385697404}}",0.8379699294687738,COMPLETE
23,0.8025178110438754,14.0,sqrt,3,11,240,0.802434526052633,"{'accuracy': {'mean': 0.8196221971970893, 'std': 0.008932192880083656}, 'balanced_accuracy': {'mean': 0.8210407690957029, 'std': 0.009531267481809743}, 'brier_score': {'mean': 0.13453104013979011, 'std': 0.0014262430507332525}, 'cohen_kappa': {'mean': 0.6368976448327903, 'std': 0.018273921409526016}, 'f1': {'mean': 0.802434526052633, 'std': 0.010573255158454954}, 'mean_absolute_stage_error': {'mean': 0.18037780280291077, 'std': 0.008932192880083673}, 'precision': {'mean': 0.7742575190559632, 'std': 0.008270050524424078}, 'quadratic_weighted_kappa': {'mean': 0.6368976448327903, 'std': 0.018273921409526016}, 'recall': {'mean': 0.8328499124243468, 'std': 0.016076794424219446}, 'roc_auc': {'mean': 0.8985677858407621, 'std': 0.003476712860502961}}",0.8328499124243468,COMPLETE
24,0.802047604916685,14.0,sqrt,3,11,200,0.8019643422219314,"{'accuracy': {'mean': 0.8191325291732167, 'std': 0.00892815334352867}, 'balanced_accuracy': {'mean': 0.8205793303962423, 'std': 0.009509108610520197}, 'brier_score': {'mean': 0.13477649898097452, 'std': 0.001312816810893193}, 'cohen_kappa': {'mean': 0.6359382525680762, 'std': 0.018252037004106818}, 'f1': {'mean': 0.8019643422219314, 'std': 0.010526942428119444}, 'mean_absolute_stage_error': {'mean': 0.1808674708267834, 'std': 0.008928153343528688}, 'precision': {'mean': 0.7735712531207802, 'std': 0.008344589832653114}, 'quadratic_weighted_kappa': {'mean': 0.6359382525680762, 'std': 0.018252037004106818}, 'recall': {'mean': 0.8326269475363619, 'std': 0.015882545163694056}, 'roc_auc': {'mean': 0.8979018654271357, 'std': 0.0032827453330512403}}",0.8326269475363619,COMPLETE
