number,value,params_depth,params_iterations,params_l2_leaf_reg,params_learning_rate,user_attrs_f1,user_attrs_metrics,user_attrs_recall,state
0,0.8002236209510818,5,120,7.585243326167403,0.10550756919226546,0.8001419831005624,"{'accuracy': {'mean': 0.8206017250083057, 'std': 0.007827762738700856}, 'balanced_accuracy': {'mean': 0.8201492523521969, 'std': 0.008229508038146602}, 'brier_score': {'mean': 0.12767905772836607, 'std': 0.0014496863412926699}, 'cohen_kappa': {'mean': 0.6375212116618707, 'std': 0.015999116853597836}, 'f1': {'mean': 0.8001419831005624, 'std': 0.009252189198769429}, 'mean_absolute_stage_error': {'mean': 0.17939827499169425, 'std': 0.007827762738700879}, 'precision': {'mean': 0.7846104189780417, 'std': 0.008158494056190593}, 'quadratic_weighted_kappa': {'mean': 0.6375212116618707, 'std': 0.015999116853597836}, 'recall': {'mean': 0.8163785051938433, 'std': 0.013085481826106268}, 'roc_auc': {'mean': 0.9006818086393082, 'std': 0.0026096205884863968}}",0.8163785051938433,COMPLETE
1,0.7154022211347774,3,80,10.527937603524286,0.012055838049211991,0.7153294858263054,"{'accuracy': {'mean': 0.7453006204027703, 'std': 0.004594832382658023}, 'balanced_accuracy': {'mean': 0.7433760204842875, 'std': 0.004259087200838265}, 'brier_score': {'mean': 0.19372575264486383, 'std': 0.0005779249169731308}, 'cohen_kappa': {'mean': 0.48501292355750947, 'std': 0.008803651122298235}, 'f1': {'mean': 0.7153294858263054, 'std': 0.004526969991294336}, 'mean_absolute_stage_error': {'mean': 0.25469937959722955, 'std': 0.0045948323826580225}, 'precision': {'mean': 0.7038309553338404, 'std': 0.00766743806991288}, 'quadratic_weighted_kappa': {'mean': 0.48501292355750947, 'std': 0.008803651122298235}, 'recall': {'mean': 0.7273530847192252, 'std': 0.009084151738673085}, 'roc_auc': {'mean': 0.823337955219689, 'std': 0.00394725657412545}}",0.7273530847192252,COMPLETE
2,0.7579436499704274,5,200,11.669008373781937,0.010685033500506827,0.757866151958531,"{'accuracy': {'mean': 0.7822164789062579, 'std': 0.004713502165316218}, 'balanced_accuracy': {'mean': 0.7814400071721825, 'std': 0.005817146205977499}, 'brier_score': {'mean': 0.15797956183928252, 'std': 0.0015049456022026956}, 'cohen_kappa': {'mean': 0.56016047771227, 'std': 0.010368227734275929}, 'f1': {'mean': 0.757866151958531, 'std': 0.00750448815427322}, 'mean_absolute_stage_error': {'mean': 0.21778352109374213, 'std': 0.004713502165316205}, 'precision': {'mean': 0.7416737931498535, 'std': 0.003459799762878774}, 'quadratic_weighted_kappa': {'mean': 0.56016047771227, 'std': 0.010368227734275929}, 'recall': {'mean': 0.7749801189641548, 'std': 0.0163236335949548}, 'roc_auc': {'mean': 0.8644549426825762, 'std': 0.004764971751631215}}",0.7749801189641548,COMPLETE
3,0.7577169321412199,3,240,3.017449608387772,0.017954792739743507,0.7576395010435638,"{'accuracy': {'mean': 0.782118727476781, 'std': 0.0037479475640659794}, 'balanced_accuracy': {'mean': 0.7812802611456482, 'std': 0.004782721910139555}, 'brier_score': {'mean': 0.15523718215866664, 'std': 0.0017065139797187957}, 'cohen_kappa': {'mean': 0.5599149866054546, 'std': 0.00837401001747723}, 'f1': {'mean': 0.7576395010435638, 'std': 0.006352117524718339}, 'mean_absolute_stage_error': {'mean': 0.21788127252321896, 'std': 0.00374794756406601}, 'precision': {'mean': 0.7418363206848161, 'std': 0.003307981626796688}, 'quadratic_weighted_kappa': {'mean': 0.5599149866054546, 'std': 0.00837401001747723}, 'recall': {'mean': 0.7743109765614357, 'std': 0.014753366022640269}, 'roc_auc': {'mean': 0.8635697809721299, 'std': 0.0048238321377589355}}",0.7743109765614357,COMPLETE
4,0.772756526497889,4,120,4.203520542178461,0.04016365455719544,0.7726777820874948,"{'accuracy': {'mean': 0.7962194790457657, 'std': 0.003477585555794843}, 'balanced_accuracy': {'mean': 0.7952781948653636, 'std': 0.0046047474689417}, 'brier_score': {'mean': 0.1460336691430431, 'std': 0.0017043288645729646}, 'cohen_kappa': {'mean': 0.5881412685619407, 'std': 0.007872744757829436}, 'f1': {'mean': 0.7726777820874948, 'std': 0.006079017771984386}, 'mean_absolute_stage_error': {'mean': 0.2037805209542342, 'std': 0.003477585555794844}, 'precision': {'mean': 0.7586220474320624, 'std': 0.002828156312562854}, 'quadratic_weighted_kappa': {'mean': 0.5881412685619407, 'std': 0.007872744757829436}, 'recall': {'mean': 0.7874441039412761, 'std': 0.014684353729763386}, 'roc_auc': {'mean': 0.8771840496945703, 'std': 0.004170156519588198}}",0.7874441039412761,COMPLETE
5,0.7638401195216151,3,200,5.029980276230608,0.025609476007275242,0.7637621319779202,"{'accuracy': {'mean': 0.7877978026782646, 'std': 0.003933667583140127}, 'balanced_accuracy': {'mean': 0.786947718535804, 'std': 0.004856131923870885}, 'brier_score': {'mean': 0.15170711610465043, 'std': 0.0017582675363648763}, 'cohen_kappa': {'mean': 0.5713059239579044, 'std': 0.008672674085829293}, 'f1': {'mean': 0.7637621319779202, 'std': 0.006236604506668256}, 'mean_absolute_stage_error': {'mean': 0.21220219732173548, 'std': 0.003933667583140138}, 'precision': {'mean': 0.7483991664032875, 'std': 0.001684393160497448}, 'quadratic_weighted_kappa': {'mean': 0.5713059239579044, 'std': 0.008672674085829293}, 'recall': {'mean': 0.7798754369492459, 'std': 0.01284629315077421}, 'roc_auc': {'mean': 0.8685876588194781, 'std': 0.004587648653409106}}",0.7798754369492459,COMPLETE
6,0.768335596190335,5,160,6.6565788225497275,0.01901656047035859,0.7682570966944834,"{'accuracy': {'mean': 0.7917150030466422, 'std': 0.004180363266270555}, 'balanced_accuracy': {'mean': 0.7909939521639936, 'std': 0.005307312156993317}, 'brier_score': {'mean': 0.14999262870477062, 'std': 0.0014813914509219331}, 'cohen_kappa': {'mean': 0.5792744724999594, 'std': 0.009322276109830836}, 'f1': {'mean': 0.7682570966944834, 'std': 0.006861365865598994}, 'mean_absolute_stage_error': {'mean': 0.20828499695335784, 'std': 0.004180363266270541}, 'precision': {'mean': 0.7523531113103072, 'std': 0.0010197288835966727}, 'quadratic_weighted_kappa': {'mean': 0.5792744724999594, 'std': 0.009322276109830836}, 'recall': {'mean': 0.7849949585161439, 'std': 0.014773745192535475}, 'roc_auc': {'mean': 0.8732429431141154, 'std': 0.0040689272321137275}}",0.7849949585161439,COMPLETE
7,0.7865767621699069,3,160,2.875765360560207,0.07068239480981442,0.7864965932616174,"{'accuracy': {'mean': 0.8085578284320987, 'std': 0.007820148427770355}, 'balanced_accuracy': {'mean': 0.8078209530503297, 'std': 0.00847297855436229}, 'brier_score': {'mean': 0.13740300416718648, 'std': 0.0022537588934239674}, 'cohen_kappa': {'mean': 0.6130951844015989, 'std': 0.016194650892627623}, 'f1': {'mean': 0.7864965932616174, 'std': 0.009741985833339573}, 'mean_absolute_stage_error': {'mean': 0.19144217156790128, 'std': 0.007820148427770377}, 'precision': {'mean': 0.7719328481317402, 'std': 0.006448148218731602}, 'quadratic_weighted_kappa': {'mean': 0.6130951844015989, 'std': 0.016194650892627623}, 'recall': {'mean': 0.8016890828958679, 'std': 0.014545169958959492}, 'roc_auc': {'mean': 0.8877858332568088, 'std': 0.004240762972961975}}",0.8016890828958679,COMPLETE
8,0.8058576007975639,5,80,9.892370829281072,0.22381833088786565,0.8057754062780408,"{'accuracy': {'mean': 0.8256946751598708, 'std': 0.004646449750492556}, 'balanced_accuracy': {'mean': 0.8252935784716806, 'std': 0.005120413488254403}, 'brier_score': {'mean': 0.1244641666806395, 'std': 0.0025204783422016243}, 'cohen_kappa': {'mean': 0.6477967671927984, 'std': 0.009639421293980847}, 'f1': {'mean': 0.8057754062780408, 'std': 0.0059278863536089904}, 'mean_absolute_stage_error': {'mean': 0.17430532484012917, 'std': 0.0046464497504925635}, 'precision': {'mean': 0.7903220389750144, 'std': 0.005300247034606541}, 'quadratic_weighted_kappa': {'mean': 0.6477967671927984, 'std': 0.009639421293980847}, 'recall': {'mean': 0.8219451952305332, 'std': 0.011236341037551384}, 'roc_auc': {'mean': 0.904416968292735, 'std': 0.004067417923408399}}",0.8219451952305332,COMPLETE
9,0.7841736949724839,3,120,5.841677431135614,0.09047252745704347,0.7840936821891636,"{'accuracy': {'mean': 0.8062071918013446, 'std': 0.009782492859398988}, 'balanced_accuracy': {'mean': 0.805554467170513, 'std': 0.01052436579647642}, 'brier_score': {'mean': 0.13854465500617746, 'std': 0.002309151835567494}, 'cohen_kappa': {'mean': 0.6084301892793629, 'std': 0.02022154410625914}, 'f1': {'mean': 0.7840936821891636, 'std': 0.012062124157223039}, 'mean_absolute_stage_error': {'mean': 0.19379280819865546, 'std': 0.009782492859398978}, 'precision': {'mean': 0.7687403292535241, 'std': 0.007944889867794788}, 'quadratic_weighted_kappa': {'mean': 0.6084301892793629, 'std': 0.02022154410625914}, 'recall': {'mean': 0.8001278332024448, 'std': 0.016848034512223973}, 'roc_auc': {'mean': 0.8858118190778761, 'std': 0.004365652427579103}}",0.8001278332024448,COMPLETE
10,0.7947020140812493,4,80,1.19758063176302,0.22664947481511868,0.7946209994175918,"{'accuracy': {'mean': 0.8158037550164126, 'std': 0.007507848705071553}, 'balanced_accuracy': {'mean': 0.8151968889423991, 'std': 0.008170113125684176}, 'brier_score': {'mean': 0.12868286151630456, 'std': 0.002237487902739697}, 'cohen_kappa': {'mean': 0.6277566312990622, 'std': 0.01556017235882372}, 'f1': {'mean': 0.7946209994175918, 'std': 0.009388327018809144}, 'mean_absolute_stage_error': {'mean': 0.18419624498358744, 'std': 0.007507848705071561}, 'precision': {'mean': 0.7797473099352967, 'std': 0.006076861075985315}, 'quadratic_weighted_kappa': {'mean': 0.6277566312990622, 'std': 0.01556017235882372}, 'recall': {'mean': 0.8101466365746648, 'std': 0.014361590064321418}, 'roc_auc': {'mean': 0.8984980832851909, 'std': 0.0034692135990799966}}",0.8101466365746648,COMPLETE
11,0.8068800297776264,5,120,8.45716756215759,0.23970523483895967,0.8067978799501765,"{'accuracy': {'mean': 0.8269672654960466, 'std': 0.0067851181937787775}, 'balanced_accuracy': {'mean': 0.8263813069173557, 'std': 0.007663063888026542}, 'brier_score': {'mean': 0.12301967393797955, 'std': 0.002873391385542834}, 'cohen_kappa': {'mean': 0.6502117690685288, 'std': 0.014244670313804282}, 'f1': {'mean': 0.8067978799501765, 'std': 0.008928957409573841}, 'mean_absolute_stage_error': {'mean': 0.17303273450395346, 'std': 0.006785118193778778}, 'precision': {'mean': 0.7927033778708477, 'std': 0.003821614893281151}, 'quadratic_weighted_kappa': {'mean': 0.6502117690685288, 'std': 0.014244670313804282}, 'recall': {'mean': 0.8214982744995056, 'std': 0.015223408396183321}, 'roc_auc': {'mean': 0.9058976084692304, 'std': 0.003695911729952424}}",0.8214982744995056,COMPLETE
12,0.8023846990181228,5,80,8.684865239912481,0.24667734796935947,0.8023028602762393,"{'accuracy': {'mean': 0.8225613559211526, 'std': 0.0038411906979808697}, 'balanced_accuracy': {'mean': 0.822115324110562, 'std': 0.004059007445223782}, 'brier_score': {'mean': 0.12532732216255338, 'std': 0.002563382575839326}, 'cohen_kappa': {'mean': 0.6414715863820866, 'std': 0.007841018263315418}, 'f1': {'mean': 0.8023028602762393, 'std': 0.004571924602574539}, 'mean_absolute_stage_error': {'mean': 0.17743864407884738, 'std': 0.0038411906979808766}, 'precision': {'mean': 0.7868906120641161, 'std': 0.004907133957163185}, 'quadratic_weighted_kappa': {'mean': 0.6414715863820866, 'std': 0.007841018263315418}, 'recall': {'mean': 0.8183874188345873, 'std': 0.007994992626523374}, 'roc_auc': {'mean': 0.9027616775282112, 'std': 0.0038739602284662477}}",0.8183874188345873,COMPLETE
13,0.8017125014248845,4,120,9.301112707496978,0.15723331519003947,0.8016308189813875,"{'accuracy': {'mean': 0.822169391385889, 'std': 0.006697031371293799}, 'balanced_accuracy': {'mean': 0.8215965287991391, 'std': 0.0070980842576237055}, 'brier_score': {'mean': 0.1264278462787079, 'std': 0.002093756489086882}, 'cohen_kappa': {'mean': 0.6405869240832762, 'std': 0.013742953171887038}, 'f1': {'mean': 0.8016308189813875, 'std': 0.008074044775665527}, 'mean_absolute_stage_error': {'mean': 0.17783060861411099, 'std': 0.0066970313712938065}, 'precision': {'mean': 0.7870619326459993, 'std': 0.007051647977830373}, 'quadratic_weighted_kappa': {'mean': 0.6405869240832762, 'std': 0.013742953171887038}, 'recall': {'mean': 0.8168244349698132, 'std': 0.012003374127760966}, 'roc_auc': {'mean': 0.9020634043281227, 'std': 0.003777140334128838}}",0.8168244349698132,COMPLETE
14,0.7967845058946195,5,80,9.65220308100483,0.1548019839502522,0.7967029567841255,"{'accuracy': {'mean': 0.8168812260205772, 'std': 0.004076359344182216}, 'balanced_accuracy': {'mean': 0.8167325300591713, 'std': 0.003627865805667329}, 'brier_score': {'mean': 0.12894258837577272, 'std': 0.0010087078310298857}, 'cohen_kappa': {'mean': 0.63028514797796, 'std': 0.007823473168674737}, 'f1': {'mean': 0.7967029567841255, 'std': 0.0037062614206829197}, 'mean_absolute_stage_error': {'mean': 0.18311877397942283, 'std': 0.004076359344182186}, 'precision': {'mean': 0.7788790932458917, 'std': 0.008522857768359118}, 'quadratic_weighted_kappa': {'mean': 0.63028514797796, 'std': 0.007823473168674737}, 'recall': {'mean': 0.8154911049396633, 'std': 0.007281532841648125}, 'roc_auc': {'mean': 0.8988581663893589, 'std': 0.0020920279344021843}}",0.8154911049396633,COMPLETE
15,0.8053296163773043,4,160,8.005942324644032,0.16324582969148285,0.8052475557853572,"{'accuracy': {'mean': 0.8254006538175552, 'std': 0.007708209030432553}, 'balanced_accuracy': {'mean': 0.8248863313065792, 'std': 0.008205807952174616}, 'brier_score': {'mean': 0.12392397088428131, 'std': 0.0017123886132804885}, 'cohen_kappa': {'mean': 0.6471214167486707, 'std': 0.01583918684670014}, 'f1': {'mean': 0.8052475557853572, 'std': 0.009291313374898167}, 'mean_absolute_stage_error': {'mean': 0.17459934618244471, 'std': 0.007708209030432541}, 'precision': {'mean': 0.7905045708215445, 'std': 0.007145449281326244}, 'quadratic_weighted_kappa': {'mean': 0.6471214167486707, 'std': 0.01583918684670014}, 'recall': {'mean': 0.8206059194700372, 'std': 0.013132053491296232}, 'roc_auc': {'mean': 0.9052397731640391, 'std': 0.0027262509456720237}}",0.8206059194700372,COMPLETE
16,0.7902699955092157,5,120,11.956181849221789,0.05900615756170461,0.7901896040076463,"{'accuracy': {'mean': 0.8121802883451436, 'std': 0.008648414991250845}, 'balanced_accuracy': {'mean': 0.811294059309661, 'std': 0.008849553917980714}, 'brier_score': {'mean': 0.1355357598681904, 'std': 0.0019490796590321369}, 'cohen_kappa': {'mean': 0.620277477551811, 'std': 0.017533959185550452}, 'f1': {'mean': 0.7901896040076463, 'std': 0.009796995114921459}, 'mean_absolute_stage_error': {'mean': 0.18781971165485642, 'std': 0.008648414991250863}, 'precision': {'mean': 0.776933017943121, 'std': 0.00919325163877703}, 'quadratic_weighted_kappa': {'mean': 0.620277477551811, 'std': 0.017533959185550452}, 'recall': {'mean': 0.8039150156942508, 'std': 0.010742149609264586}, 'roc_auc': {'mean': 0.8909408975290294, 'std': 0.0037512098988195337}}",0.8039150156942508,COMPLETE
17,0.7954147957133384,5,80,10.095488519471454,0.1201614811943574,0.7953335140616145,"{'accuracy': {'mean': 0.8159995934614409, 'std': 0.0063375227876056595}, 'balanced_accuracy': {'mean': 0.815657932829755, 'std': 0.006971429111697887}, 'brier_score': {'mean': 0.13164302217932955, 'std': 0.0019102995431012424}, 'cohen_kappa': {'mean': 0.6283495371997286, 'std': 0.013169195596434959}, 'f1': {'mean': 0.7953335140616145, 'std': 0.00807917897507156}, 'mean_absolute_stage_error': {'mean': 0.18400040653855906, 'std': 0.0063375227876056655}, 'precision': {'mean': 0.7786947321015687, 'std': 0.006073626195361486}, 'quadratic_weighted_kappa': {'mean': 0.6283495371997286, 'std': 0.013169195596434959}, 'recall': {'mean': 0.8128165172389019, 'std': 0.013965729370992276}, 'roc_auc': {'mean': 0.8955343522814088, 'std': 0.0037251940249464046}}",0.8128165172389019,COMPLETE
18,0.807409015037783,4,160,7.443663306654929,0.24794664483519271,0.8073266200975995,"{'accuracy': {'mean': 0.8269670737325752, 'std': 0.006546440591401374}, 'balanced_accuracy': {'mean': 0.8266459439350763, 'std': 0.006410640477348483}, 'brier_score': {'mean': 0.12265889039527837, 'std': 0.002806628876920991}, 'cohen_kappa': {'mean': 0.6504245380979744, 'std': 0.013010788381592121}, 'f1': {'mean': 0.8073266200975995, 'std': 0.006957838927122831}, 'mean_absolute_stage_error': {'mean': 0.1730329262674247, 'std': 0.0065464405914013885}, 'precision': {'mean': 0.7915266054112148, 'std': 0.010590008122890016}, 'quadratic_weighted_kappa': {'mean': 0.6504245380979744, 'std': 0.013010788381592121}, 'recall': {'mean': 0.8239494018347532, 'std': 0.011117004841354193}, 'roc_auc': {'mean': 0.9064755976673853, 'std': 0.003920454718701655}}",0.8239494018347532,COMPLETE
19,0.8048247868913956,4,200,6.990305838006984,0.1723123377354733,0.8047428151385695,"{'accuracy': {'mean': 0.8250084975188203, 'std': 0.009744301705417367}, 'balanced_accuracy': {'mean': 0.8244413709374159, 'std': 0.010010840874448182}, 'brier_score': {'mean': 0.12172893580634206, 'std': 0.002647523065212768}, 'cohen_kappa': {'mean': 0.6463032237265448, 'std': 0.01974844986589137}, 'f1': {'mean': 0.8047428151385695, 'std': 0.01106986583079326}, 'mean_absolute_stage_error': {'mean': 0.1749915024811796, 'std': 0.009744301705417378}, 'precision': {'mean': 0.7903736489831598, 'std': 0.010778204932947451}, 'quadratic_weighted_kappa': {'mean': 0.6463032237265448, 'std': 0.01974844986589137}, 'recall': {'mean': 0.8197175282607996, 'std': 0.013777935882299872}, 'roc_auc': {'mean': 0.9078951543590852, 'std': 0.0034150400247280168}}",0.8197175282607996,COMPLETE
20,0.8003288709011578,4,160,6.005180285326546,0.13550245669712846,0.8002471882842437,"{'accuracy': {'mean': 0.8206027317665299, 'std': 0.0036685943226571266}, 'balanced_accuracy': {'mean': 0.8201983356274866, 'std': 0.004025785601887596}, 'brier_score': {'mean': 0.12514906522922226, 'std': 0.001796020861141475}, 'cohen_kappa': {'mean': 0.6375624063277268, 'std': 0.007626501798968716}, 'f1': {'mean': 0.8002471882842437, 'std': 0.0046534818628580455}, 'mean_absolute_stage_error': {'mean': 0.17939726823347008, 'std': 0.003668594322657145}, 'precision': {'mean': 0.7843512238749579, 'std': 0.003061537405301573}, 'quadratic_weighted_kappa': {'mean': 0.6375624063277268, 'std': 0.007626501798968716}, 'recall': {'mean': 0.816826169141164, 'std': 0.007501833628875245}, 'roc_auc': {'mean': 0.903925790723488, 'std': 0.0026910001205692814}}",0.816826169141164,COMPLETE
21,0.8029222439265524,5,120,8.365981962254443,0.24894140861231562,0.8028409393837667,"{'accuracy': {'mean': 0.8243234225177296, 'std': 0.007995390997276842}, 'balanced_accuracy': {'mean': 0.8231155043403046, 'std': 0.008164678065335775}, 'brier_score': {'mean': 0.1237111709927583, 'std': 0.002880607246151381}, 'cohen_kappa': {'mean': 0.6444754705481291, 'std': 0.01617371626234356}, 'f1': {'mean': 0.8028409393837667, 'std': 0.009108525009116823}, 'mean_absolute_stage_error': {'mean': 0.17567657748227025, 'std': 0.00799539099727684}, 'precision': {'mean': 0.7930237005779669, 'std': 0.010349063802583974}, 'quadratic_weighted_kappa': {'mean': 0.6444754705481291, 'std': 0.01617371626234356}, 'recall': {'mean': 0.8130454278572332, 'std': 0.013008477681092435}, 'roc_auc': {'mean': 0.904854090305889, 'std': 0.003780678340279771}}",0.8130454278572332,COMPLETE
22,0.8015264108382913,4,160,10.799623084208337,0.20075457637644764,0.8014449733093368,"{'accuracy': {'mean': 0.8224623580291125, 'std': 0.006718617747568981}, 'balanced_accuracy': {'mean': 0.821595885263258, 'std': 0.006753829479557292}, 'brier_score': {'mean': 0.12403927085868689, 'std': 0.0021355490591519533}, 'cohen_kappa': {'mean': 0.6409757865978419, 'std': 0.013540026201932853}, 'f1': {'mean': 0.8014449733093368, 'std': 0.007430917431853721}, 'mean_absolute_stage_error': {'mean': 0.17753764197088745, 'std': 0.006718617747568969}, 'precision': {'mean': 0.7889431373448021, 'std': 0.008173923022883849}, 'quadratic_weighted_kappa': {'mean': 0.6409757865978419, 'std': 0.013540026201932853}, 'recall': {'mean': 0.814375289544681, 'std': 0.007972237881334745}, 'roc_auc': {'mean': 0.9048677443511434, 'std': 0.002909173165845063}}",0.814375289544681,COMPLETE
23,0.8055676418442195,5,120,8.874793659456577,0.19368042230381408,0.8054857369313121,"{'accuracy': {'mean': 0.8259876897439622, 'std': 0.007459843670776476}, 'balanced_accuracy': {'mean': 0.8252442997451108, 'std': 0.007890225539837922}, 'brier_score': {'mean': 0.1229000806244313, 'std': 0.0026725343374268784}, 'cohen_kappa': {'mean': 0.6481436086822836, 'std': 0.015294813756361377}, 'f1': {'mean': 0.8054857369313121, 'std': 0.00889528066665272}, 'mean_absolute_stage_error': {'mean': 0.1740123102560378, 'std': 0.007459843670776475}, 'precision': {'mean': 0.7923973378688162, 'std': 0.006919777618532213}, 'quadratic_weighted_kappa': {'mean': 0.6481436086822836, 'std': 0.015294813756361377}, 'recall': {'mean': 0.8190491290743737, 'std': 0.011973673712811472}, 'roc_auc': {'mean': 0.9062974532625654, 'std': 0.003906529462911981}}",0.8190491290743737,COMPLETE
24,0.7886772212711824,5,80,7.346440912786456,0.08384518270837825,0.7885966739914779,"{'accuracy': {'mean': 0.8100264010359064, 'std': 0.004346058614003865}, 'balanced_accuracy': {'mean': 0.8095382908558746, 'std': 0.004806772734813686}, 'brier_score': {'mean': 0.13597369939712875, 'std': 0.0015391580826200992}, 'cohen_kappa': {'mean': 0.6162470588564786, 'std': 0.009055958660044506}, 'f1': {'mean': 0.7885966739914779, 'std': 0.0056612906199631835}, 'mean_absolute_stage_error': {'mean': 0.18997359896409372, 'std': 0.004346058614003882}, 'precision': {'mean': 0.772494811244399, 'std': 0.004899234796729257}, 'quadratic_weighted_kappa': {'mean': 0.6162470588564786, 'std': 0.009055958660044506}, 'recall': {'mean': 0.805472797044972, 'std': 0.010699757688191258}, 'roc_auc': {'mean': 0.8903585906442701, 'std': 0.003211856056959578}}",0.805472797044972,COMPLETE
