number,value,params_max_depth,params_max_features,params_min_samples_leaf,params_min_samples_split,params_n_estimators,user_attrs_f1,user_attrs_metrics,user_attrs_recall,state
0,0.7967955919834739,,log2,7,2,200,0.7967124850916293,"{'accuracy': {'mean': 0.813453214267394, 'std': 0.007134789912330119}, 'balanced_accuracy': {'mean': 0.8153418915111853, 'std': 0.007676868278967772}, 'brier_score': {'mean': 0.1382208423051409, 'std': 0.0011376681513893317}, 'cohen_kappa': {'mean': 0.6249012899709784, 'std': 0.014624376182124256}, 'f1': {'mean': 0.7967124850916293, 'std': 0.008567877258893733}, 'mean_absolute_stage_error': {'mean': 0.18654678573260597, 'std': 0.007134789912330125}, 'precision': {'mean': 0.7651912173501842, 'std': 0.007104286772429456}, 'quadratic_weighted_kappa': {'mean': 0.6249012899709784, 'std': 0.014624376182124256}, 'recall': {'mean': 0.8310689184468762, 'std': 0.014478609489585193}, 'roc_auc': {'mean': 0.8937187803381896, 'std': 0.0029629313278123157}}",0.8310689184468762,COMPLETE
1,0.7960548881339677,,log2,4,7,320,0.7959738955190603,"{'accuracy': {'mean': 0.8173704146357716, 'std': 0.006888559825002084}, 'balanced_accuracy': {'mean': 0.8165735768956959, 'std': 0.007459359655345222}, 'brier_score': {'mean': 0.1351474107863813, 'std': 0.0014275099069578372}, 'cohen_kappa': {'mean': 0.6307699574208347, 'std': 0.014234205157618718}, 'f1': {'mean': 0.7959738955190603, 'std': 0.0085643057696064}, 'mean_absolute_stage_error': {'mean': 0.18262958536422835, 'std': 0.006888559825002115}, 'precision': {'mean': 0.7825939962744682, 'std': 0.006680537801158472}, 'quadratic_weighted_kappa': {'mean': 0.6307699574208347, 'std': 0.014234205157618718}, 'recall': {'mean': 0.809926149074324, 'std': 0.01388776355599978}, 'roc_auc': {'mean': 0.8968651895470032, 'std': 0.003184652942889937}}",0.809926149074324,COMPLETE
2,0.7962185265695185,10.0,sqrt,1,8,160,0.7961354863194015,"{'accuracy': {'mean': 0.8129645050608776, 'std': 0.00649736777749369}, 'balanced_accuracy': {'mean': 0.8148338576982048, 'std': 0.007430618319251617}, 'brier_score': {'mean': 0.13927083611735122, 'std': 0.0015189870055217873}, 'cohen_kappa': {'mean': 0.6238992679363766, 'std': 0.01366380852578369}, 'f1': {'mean': 0.7961354863194015, 'std': 0.00855881336450344}, 'mean_absolute_stage_error': {'mean': 0.18703549493912228, 'std': 0.006497367777493713}, 'precision': {'mean': 0.7646718334540161, 'std': 0.0033246630607659893}, 'quadratic_weighted_kappa': {'mean': 0.6238992679363766, 'std': 0.01366380852578369}, 'recall': {'mean': 0.8304025011705658, 'std': 0.015459264421808653}, 'roc_auc': {'mean': 0.8925172470669847, 'std': 0.003947210664045671}}",0.8304025011705658,COMPLETE
3,0.7881192750421951,,,1,6,320,0.7880418881906823,"{'accuracy': {'mean': 0.8168812260205772, 'std': 0.009098624572783914}, 'balanced_accuracy': {'mean': 0.8122708304400266, 'std': 0.009458356756120062}, 'brier_score': {'mean': 0.13349203169694485, 'std': 0.0023618950381307686}, 'cohen_kappa': {'mean': 0.6269564930242353, 'std': 0.018675731292391418}, 'f1': {'mean': 0.7880418881906823, 'std': 0.011022578448845402}, 'mean_absolute_stage_error': {'mean': 0.18311877397942283, 'std': 0.009098624572783898}, 'precision': {'mean': 0.802868725129993, 'std': 0.010925556333997624}, 'quadratic_weighted_kappa': {'mean': 0.6269564930242353, 'std': 0.018675731292391418}, 'recall': {'mean': 0.7738685151281677, 'std': 0.014542302560925391}, 'roc_auc': {'mean': 0.8945229980091977, 'std': 0.004641148677769819}}",0.7738685151281677,COMPLETE
4,0.7976667862600404,,sqrt,7,12,160,0.7975841021591711,"{'accuracy': {'mean': 0.815412557535034, 'std': 0.005026592798229308}, 'balanced_accuracy': {'mean': 0.8166380982137769, 'std': 0.005913589022408406}, 'brier_score': {'mean': 0.13635612252452084, 'std': 0.0011929572575119234}, 'cohen_kappa': {'mean': 0.6283265552068751, 'std': 0.010688883022717819}, 'f1': {'mean': 0.7975841021591711, 'std': 0.0069484247571240864}, 'mean_absolute_stage_error': {'mean': 0.184587442464966, 'std': 0.005026592798229306}, 'precision': {'mean': 0.770425514581614, 'std': 0.0028671276598771405}, 'quadratic_weighted_kappa': {'mean': 0.6283265552068751, 'std': 0.010688883022717819}, 'recall': {'mean': 0.8268410086931531, 'std': 0.013912969079088762}, 'roc_auc': {'mean': 0.8954317028899752, 'std': 0.002958367082431218}}",0.8268410086931531,COMPLETE
5,0.7975578553198078,18.0,,7,4,320,0.7974757498871444,"{'accuracy': {'mean': 0.8164892135444457, 'std': 0.008704080878437477}, 'balanced_accuracy': {'mean': 0.8169789464418372, 'std': 0.00834958659018205}, 'brier_score': {'mean': 0.1344297078368419, 'std': 0.002352677470019944}, 'cohen_kappa': {'mean': 0.6299764383209523, 'std': 0.017153144800807357}, 'f1': {'mean': 0.7974757498871444, 'std': 0.00873997213258771}, 'mean_absolute_stage_error': {'mean': 0.18351078645555424, 'std': 0.008704080878437489}, 'precision': {'mean': 0.775337280010796, 'std': 0.012581863020938543}, 'quadratic_weighted_kappa': {'mean': 0.6299764383209523, 'std': 0.017153144800807357}, 'recall': {'mean': 0.8210543266336513, 'std': 0.009566396746389622}, 'roc_auc': {'mean': 0.8939645382121857, 'std': 0.004507589339038422}}",0.8210543266336513,COMPLETE
6,0.7924526116860509,10.0,,7,2,120,0.7923688370391405,"{'accuracy': {'mean': 0.806893081797188, 'std': 0.006725511878540543}, 'balanced_accuracy': {'mean': 0.8102000398548131, 'std': 0.007354080687967998}, 'brier_score': {'mean': 0.1388187581521, 'std': 0.0024681924163700844}, 'cohen_kappa': {'mean': 0.6128708289556069, 'std': 0.013840626554028908}, 'f1': {'mean': 0.7923688370391405, 'std': 0.008272083564421258}, 'mean_absolute_stage_error': {'mean': 0.19310691820281195, 'std': 0.006725511878540539}, 'precision': {'mean': 0.7517936611459538, 'std': 0.006824116799142935}, 'quadratic_weighted_kappa': {'mean': 0.6128708289556069, 'std': 0.013840626554028908}, 'recall': {'mean': 0.83774646910326, 'std': 0.015577974146534796}, 'roc_auc': {'mean': 0.8880075436828221, 'std': 0.004918960082355783}}",0.83774646910326,COMPLETE
7,0.7913830353162781,10.0,log2,3,2,120,0.7913001954124999,"{'accuracy': {'mean': 0.8077741870067783, 'std': 0.0043626053987011705}, 'balanced_accuracy': {'mean': 0.8099856662522701, 'std': 0.004686320125297648}, 'brier_score': {'mean': 0.1427007666185581, 'std': 0.0011954441003946634}, 'cohen_kappa': {'mean': 0.6138013768796469, 'std': 0.008902569720944544}, 'f1': {'mean': 0.7913001954124999, 'std': 0.0053361608293986795}, 'mean_absolute_stage_error': {'mean': 0.19222581299322167, 'std': 0.0043626053987011635}, 'precision': {'mean': 0.7575003739729735, 'std': 0.006112593514948866}, 'quadratic_weighted_kappa': {'mean': 0.6138013768796469, 'std': 0.008902569720944544}, 'recall': {'mean': 0.828399037782639, 'std': 0.011642942747803232}, 'roc_auc': {'mean': 0.8888956188797801, 'std': 0.0031944076110405795}}",0.828399037782639,COMPLETE
8,0.7999224988057589,14.0,sqrt,4,10,320,0.799840348978309,"{'accuracy': {'mean': 0.8191326250549522, 'std': 0.007925146750768126}, 'balanced_accuracy': {'mean': 0.8193869233481689, 'std': 0.008265485054821558}, 'brier_score': {'mean': 0.13414767901068067, 'std': 0.001015333407698912}, 'cohen_kappa': {'mean': 0.635084325486679, 'std': 0.016116233200550303}, 'f1': {'mean': 0.799840348978309, 'std': 0.009185096702640515}, 'mean_absolute_stage_error': {'mean': 0.1808673749450478, 'std': 0.007925146750768114}, 'precision': {'mean': 0.7793946359741717, 'std': 0.008937908183487924}, 'quadratic_weighted_kappa': {'mean': 0.635084325486679, 'std': 0.016116233200550303}, 'recall': {'mean': 0.8214982744995059, 'std': 0.013513162455069026}, 'roc_auc': {'mean': 0.898373443048372, 'std': 0.0026416661801063994}}",0.8214982744995059,COMPLETE
9,0.8009222139830301,18.0,sqrt,4,4,120,0.8008407986019211,"{'accuracy': {'mean': 0.8218746509305562, 'std': 0.008464068417382386}, 'balanced_accuracy': {'mean': 0.8210472418574973, 'std': 0.008914441465956395}, 'brier_score': {'mean': 0.13369071577133382, 'std': 0.001018475756212253}, 'cohen_kappa': {'mean': 0.6398088031652721, 'std': 0.017321424175366657}, 'f1': {'mean': 0.8008407986019211, 'std': 0.010019530117072968}, 'mean_absolute_stage_error': {'mean': 0.1781253490694438, 'std': 0.00846406841738238}, 'precision': {'mean': 0.7880068643322482, 'std': 0.008180456563554593}, 'quadratic_weighted_kappa': {'mean': 0.6398088031652721, 'std': 0.017321424175366657}, 'recall': {'mean': 0.8141538110892824, 'std': 0.013517520651613033}, 'roc_auc': {'mean': 0.8979539432513148, 'std': 0.002568814719324719}}",0.8141538110892824,COMPLETE
10,0.7981763663786998,18.0,sqrt,5,5,240,0.7980943944524566,"{'accuracy': {'mean': 0.8175662530807999, 'std': 0.006702627673612115}, 'balanced_accuracy': {'mean': 0.8177978107093729, 'std': 0.007301591492925593}, 'brier_score': {'mean': 0.13420910576395165, 'std': 0.001094901337163775}, 'cohen_kappa': {'mean': 0.6319174288491851, 'std': 0.013866505361855117}, 'f1': {'mean': 0.7980943944524566, 'std': 0.00831368301554251}, 'mean_absolute_stage_error': {'mean': 0.18243374691919997, 'std': 0.006702627673612113}, 'precision': {'mean': 0.77764442444978, 'std': 0.0055606534838385105}, 'quadratic_weighted_kappa': {'mean': 0.6319174288491851, 'std': 0.013866505361855117}, 'recall': {'mean': 0.8197192624321505, 'std': 0.013127686337160755}, 'roc_auc': {'mean': 0.8981219191733889, 'std': 0.0026356328868899393}}",0.8197192624321505,COMPLETE
11,0.7999907499768905,14.0,sqrt,5,10,240,0.7999084220004951,"{'accuracy': {'mean': 0.818839035180447, 'std': 0.007493914400935211}, 'balanced_accuracy': {'mean': 0.8193162060905846, 'std': 0.008063649203909489}, 'brier_score': {'mean': 0.1345993491817331, 'std': 0.0012854711958085723}, 'cohen_kappa': {'mean': 0.6346500830869054, 'std': 0.015403568362863334}, 'f1': {'mean': 0.7999084220004951, 'std': 0.009104720732179454}, 'mean_absolute_stage_error': {'mean': 0.181160964819553, 'std': 0.007493914400935182}, 'precision': {'mean': 0.7779421984205908, 'std': 0.0074944414789399234}, 'quadratic_weighted_kappa': {'mean': 0.6346500830869054, 'std': 0.015403568362863334}, 'recall': {'mean': 0.8232797639545053, 'std': 0.014891697136873099}, 'roc_auc': {'mean': 0.897722506689116, 'std': 0.003143914540707143}}",0.8232797639545053,COMPLETE
12,0.7999907499768905,14.0,sqrt,5,9,240,0.7999084220004951,"{'accuracy': {'mean': 0.818839035180447, 'std': 0.007493914400935211}, 'balanced_accuracy': {'mean': 0.8193162060905846, 'std': 0.008063649203909489}, 'brier_score': {'mean': 0.1345993491817331, 'std': 0.0012854711958085723}, 'cohen_kappa': {'mean': 0.6346500830869054, 'std': 0.015403568362863334}, 'f1': {'mean': 0.7999084220004951, 'std': 0.009104720732179454}, 'mean_absolute_stage_error': {'mean': 0.181160964819553, 'std': 0.007493914400935182}, 'precision': {'mean': 0.7779421984205908, 'std': 0.0074944414789399234}, 'quadratic_weighted_kappa': {'mean': 0.6346500830869054, 'std': 0.015403568362863334}, 'recall': {'mean': 0.8232797639545053, 'std': 0.014891697136873099}, 'roc_auc': {'mean': 0.897722506689116, 'std': 0.003143914540707143}}",0.8232797639545053,COMPLETE
13,0.8009071252860539,18.0,sqrt,3,12,240,0.8008253534831846,"{'accuracy': {'mean': 0.8210914409730462, 'std': 0.00926749224541603}, 'balanced_accuracy': {'mean': 0.8207309897027791, 'std': 0.009801109993864802}, 'brier_score': {'mean': 0.13384435836296454, 'std': 0.001241930832590963}, 'cohen_kappa': {'mean': 0.6385661564512994, 'std': 0.018975925452612737}, 'f1': {'mean': 0.8008253534831846, 'std': 0.011018112842085752}, 'mean_absolute_stage_error': {'mean': 0.1789085590269538, 'std': 0.009267492245416049}, 'precision': {'mean': 0.7847041375394367, 'std': 0.009012676019309699}, 'quadratic_weighted_kappa': {'mean': 0.6385661564512994, 'std': 0.018975925452612737}, 'recall': {'mean': 0.8177180286931037, 'std': 0.015640162194807312}, 'roc_auc': {'mean': 0.8981257222597032, 'std': 0.0030821019848374554}}",0.8177180286931037,COMPLETE
14,0.7631985073182713,6.0,sqrt,2,12,200,0.763115222302255,"{'accuracy': {'mean': 0.7725234107242762, 'std': 0.0074199138622961375}, 'balanced_accuracy': {'mean': 0.7789882496329141, 'std': 0.007579161671755719}, 'brier_score': {'mean': 0.16066755919359055, 'std': 0.001423537782683907}, 'cohen_kappa': {'mean': 0.5472583169734789, 'std': 0.014774752320067232}, 'f1': {'mean': 0.763115222302255, 'std': 0.00788997383808332}, 'mean_absolute_stage_error': {'mean': 0.22747658927572373, 'std': 0.007419913862296119}, 'precision': {'mean': 0.7042273793946581, 'std': 0.00777065495401077}, 'quadratic_weighted_kappa': {'mean': 0.5472583169734789, 'std': 0.014774752320067232}, 'recall': {'mean': 0.8328501601631112, 'std': 0.012145007228207752}, 'roc_auc': {'mean': 0.8664522088540269, 'std': 0.004412609768329376}}",0.8328501601631112,COMPLETE
15,0.7983104676977623,18.0,sqrt,3,4,280,0.7982299203189622,"{'accuracy': {'mean': 0.8208952669419431, 'std': 0.008534910600088257}, 'balanced_accuracy': {'mean': 0.8192430365888346, 'std': 0.009058494017431425}, 'brier_score': {'mean': 0.132288931662397, 'std': 0.0012819834206410068}, 'cohen_kappa': {'mean': 0.6372400598246565, 'std': 0.017525616289623017}, 'f1': {'mean': 0.7982299203189622, 'std': 0.010327111727282413}, 'mean_absolute_stage_error': {'mean': 0.17910473305805685, 'std': 0.00853491060008824}, 'precision': {'mean': 0.7912452152504785, 'std': 0.009125127424908185}, 'quadratic_weighted_kappa': {'mean': 0.6372400598246565, 'std': 0.017525616289623017}, 'recall': {'mean': 0.8054737880000296, 'std': 0.015580735778322304}, 'roc_auc': {'mean': 0.9000837275507816, 'std': 0.002886410290199467}}",0.8054737880000296,COMPLETE
16,0.7984338651175715,18.0,sqrt,3,11,160,0.7983525386003574,"{'accuracy': {'mean': 0.8193288949677908, 'std': 0.0066111878439996065}, 'balanced_accuracy': {'mean': 0.8186800748897827, 'std': 0.007505064241066995}, 'brier_score': {'mean': 0.1338870987852685, 'std': 0.000772570214822454}, 'cohen_kappa': {'mean': 0.6348076509527895, 'std': 0.013892547639685964}, 'f1': {'mean': 0.7983525386003574, 'std': 0.00882955812515194}, 'mean_absolute_stage_error': {'mean': 0.18067110503220907, 'std': 0.0066111878439996325}, 'precision': {'mean': 0.784155208932306, 'std': 0.006016819383399204}, 'quadratic_weighted_kappa': {'mean': 0.6348076509527895, 'std': 0.013892547639685964}, 'recall': {'mean': 0.8132651721412805, 'std': 0.01684541674007369}, 'roc_auc': {'mean': 0.897829362549653, 'std': 0.0021261321121723675}}",0.8132651721412805,COMPLETE
17,0.8005056274475381,18.0,sqrt,4,8,200,0.8004242341895008,"{'accuracy': {'mean': 0.8214828781587638, 'std': 0.010300809858668679}, 'balanced_accuracy': {'mean': 0.8206746181663058, 'std': 0.01090853495417629}, 'brier_score': {'mean': 0.13325802178480653, 'std': 0.0010655109202865726}, 'cohen_kappa': {'mean': 0.6390265758366558, 'std': 0.02112535321054721}, 'f1': {'mean': 0.8004242341895008, 'std': 0.01230630148567105}, 'mean_absolute_stage_error': {'mean': 0.17851712184123616, 'std': 0.010300809858668682}, 'precision': {'mean': 0.7874310699269782, 'std': 0.009538327899167797}, 'quadratic_weighted_kappa': {'mean': 0.6390265758366558, 'std': 0.02112535321054721}, 'recall': {'mean': 0.8139325803726487, 'std': 0.01683519001633602}, 'roc_auc': {'mean': 0.8988749924827063, 'std': 0.0028036010812294357}}",0.8139325803726487,COMPLETE
18,0.7607188659299459,6.0,,2,4,280,0.7606344457253632,"{'accuracy': {'mean': 0.7662549984347307, 'std': 0.004406340721923149}, 'balanced_accuracy': {'mean': 0.7746092976657276, 'std': 0.004648765874970605}, 'brier_score': {'mean': 0.1552452827386813, 'std': 0.0023781235769978802}, 'cohen_kappa': {'mean': 0.5365816122544249, 'std': 0.008849378790261896}, 'f1': {'mean': 0.7606344457253632, 'std': 0.005072464419179892}, 'mean_absolute_stage_error': {'mean': 0.23374500156526934, 'std': 0.004406340721923167}, 'precision': {'mean': 0.6921889254652203, 'std': 0.0047700623588926945}, 'quadratic_weighted_kappa': {'mean': 0.5365816122544249, 'std': 0.008849378790261896}, 'recall': {'mean': 0.8442020458267168, 'std': 0.010624977082864029}, 'roc_auc': {'mean': 0.865623947352715, 'std': 0.005723707599784588}}",0.8442020458267168,COMPLETE
19,0.7937397234704997,18.0,log2,6,6,120,0.7936574401118557,"{'accuracy': {'mean': 0.8117891867455006, 'std': 0.005040232911081061}, 'balanced_accuracy': {'mean': 0.8129735479262464, 'std': 0.005530471343951447}, 'brier_score': {'mean': 0.13753643983472144, 'std': 0.001124092833127471}, 'cohen_kappa': {'mean': 0.6210486773072412, 'std': 0.010429201463303754}, 'f1': {'mean': 0.7936574401118557, 'std': 0.00632251812204671}, 'mean_absolute_stage_error': {'mean': 0.18821081325449937, 'std': 0.005040232911081055}, 'precision': {'mean': 0.7665531093660722, 'std': 0.00499301462607858}, 'quadratic_weighted_kappa': {'mean': 0.6210486773072412, 'std': 0.010429201463303754}, 'recall': {'mean': 0.822833586439771, 'std': 0.011382942095447839}, 'roc_auc': {'mean': 0.8937103894359089, 'std': 0.0031287400820616917}}",0.822833586439771,COMPLETE
20,0.7980145957934413,18.0,sqrt,2,9,280,0.7979340707111301,"{'accuracy': {'mean': 0.8206016770674379, 'std': 0.007804443272151162}, 'balanced_accuracy': {'mean': 0.8189563465877449, 'std': 0.008272236180568765}, 'brier_score': {'mean': 0.13288152418453197, 'std': 0.001325940565027665}, 'cohen_kappa': {'mean': 0.6366559714738435, 'std': 0.016032002563335628}, 'f1': {'mean': 0.7979340707111301, 'std': 0.009416067492010264}, 'mean_absolute_stage_error': {'mean': 0.17939832293256208, 'std': 0.007804443272151127}, 'precision': {'mean': 0.790814055540954, 'std': 0.007684478414588185}, 'quadratic_weighted_kappa': {'mean': 0.6366559714738435, 'std': 0.016032002563335628}, 'recall': {'mean': 0.8052508231120449, 'std': 0.013263402181999607}, 'roc_auc': {'mean': 0.8991783380836693, 'std': 0.0031498056075643177}}",0.8052508231120449,COMPLETE
21,0.8005056274475381,18.0,sqrt,4,8,200,0.8004242341895008,"{'accuracy': {'mean': 0.8214828781587638, 'std': 0.010300809858668679}, 'balanced_accuracy': {'mean': 0.8206746181663058, 'std': 0.01090853495417629}, 'brier_score': {'mean': 0.1332580217848065, 'std': 0.001065510920286577}, 'cohen_kappa': {'mean': 0.6390265758366558, 'std': 0.02112535321054721}, 'f1': {'mean': 0.8004242341895008, 'std': 0.01230630148567105}, 'mean_absolute_stage_error': {'mean': 0.17851712184123616, 'std': 0.010300809858668682}, 'precision': {'mean': 0.7874310699269782, 'std': 0.009538327899167797}, 'quadratic_weighted_kappa': {'mean': 0.6390265758366558, 'std': 0.02112535321054721}, 'recall': {'mean': 0.8139325803726487, 'std': 0.01683519001633602}, 'roc_auc': {'mean': 0.8988749924827063, 'std': 0.0028036010812294357}}",0.8139325803726487,COMPLETE
22,0.8002745548802569,18.0,sqrt,4,11,200,0.8001926052257285,"{'accuracy': {'mean': 0.8200135864419391, 'std': 0.01020111420701181}, 'balanced_accuracy': {'mean': 0.8199593323603989, 'std': 0.010883586426165305}, 'brier_score': {'mean': 0.13403017594086353, 'std': 0.0013878987665412717}, 'cohen_kappa': {'mean': 0.6366144564941534, 'std': 0.020947788282724637}, 'f1': {'mean': 0.8001926052257285, 'std': 0.01226799474227864}, 'mean_absolute_stage_error': {'mean': 0.17998641355806094, 'std': 0.010201114207011794}, 'precision': {'mean': 0.7818882820744694, 'std': 0.009452009396598408}, 'quadratic_weighted_kappa': {'mean': 0.6366144564941534, 'std': 0.020947788282724637}, 'recall': {'mean': 0.8194965452829301, 'std': 0.017959760059793595}, 'roc_auc': {'mean': 0.8977668453373294, 'std': 0.0032570215813782855}}",0.8194965452829301,COMPLETE
23,0.7976118881659,18.0,sqrt,3,7,240,0.7975312518241097,"{'accuracy': {'mean': 0.8199160267759336, 'std': 0.007733505739524973}, 'balanced_accuracy': {'mean': 0.8184636164578617, 'std': 0.00825521422245617}, 'brier_score': {'mean': 0.13258871469377795, 'std': 0.0010403215377190896}, 'cohen_kappa': {'mean': 0.6354136166814558, 'std': 0.01590687690621692}, 'f1': {'mean': 0.7975312518241097, 'std': 0.009441340414153647}, 'mean_absolute_stage_error': {'mean': 0.18008397322406652, 'std': 0.007733505739524941}, 'precision': {'mean': 0.7890215453591164, 'std': 0.008424436508426144}, 'quadratic_weighted_kappa': {'mean': 0.6354136166814558, 'std': 0.01590687690621692}, 'recall': {'mean': 0.8063634179030895, 'std': 0.014917554829759002}, 'roc_auc': {'mean': 0.8995730406169269, 'std': 0.0026521741323267995}}",0.8063634179030895,COMPLETE
24,0.7981813091869384,18.0,sqrt,6,3,160,0.7980990703717242,"{'accuracy': {'mean': 0.8169786418639793, 'std': 0.006851427895458486}, 'balanced_accuracy': {'mean': 0.8175589054669905, 'std': 0.007402840003056963}, 'brier_score': {'mean': 0.1350245051788836, 'std': 0.0011832698561449748}, 'cohen_kappa': {'mean': 0.6309952571317627, 'std': 0.014102879891984608}, 'f1': {'mean': 0.7980990703717242, 'std': 0.008369603646642446}, 'mean_absolute_stage_error': {'mean': 0.18302135813602072, 'std': 0.006851427895458498}, 'precision': {'mean': 0.7752996571981838, 'std': 0.006696901390431586}, 'quadratic_weighted_kappa': {'mean': 0.6309952571317627, 'std': 0.014102879891984608}, 'recall': {'mean': 0.8223881521413301, 'std': 0.013825845432197064}, 'roc_auc': {'mean': 0.897077437315515, 'std': 0.003121663457089689}}",0.8223881521413301,COMPLETE
