number,value,params_colsample_bytree,params_learning_rate,params_max_depth,params_min_child_samples,params_n_estimators,params_num_leaves,params_reg_alpha,params_reg_lambda,params_subsample,user_attrs_f1,user_attrs_metrics,user_attrs_recall,state
0,0.7937254349049053,0.8603902541101232,0.012055838049211991,-1,44,160,61,1.5320059381854043e-08,13.852278657784982,0.9531616510212273,0.7936387669417391,"{'accuracy': {'mean': 0.8017028116839565, 'std': 0.006513517595411769}, 'balanced_accuracy': {'mean': 0.8086678233440494, 'std': 0.006525374625373123}, 'brier_score': {'mean': 0.14874795773453214, 'std': 0.0019089131917618457}, 'cohen_kappa': {'mean': 0.6053935151091648, 'std': 0.012895835878213018}, 'f1': {'mean': 0.7936387669417391, 'std': 0.006726393236245715}, 'mean_absolute_stage_error': {'mean': 0.19829718831604343, 'std': 0.006513517595411772}, 'precision': {'mean': 0.7319874798751007, 'std': 0.00714276864551604}, 'quadratic_weighted_kappa': {'mean': 0.6053935151091648, 'std': 0.012895835878213018}, 'recall': {'mean': 0.8666796316620051, 'std': 0.008747039399193305}, 'roc_auc': {'mean': 0.8893435651193441, 'std': 0.004436745028241988}}",0.8666796316620051,COMPLETE
1,0.8138963914135902,0.8641485131528328,0.04016365455719544,10,12,320,25,4.258943089524393e-06,0.008751754379612288,0.7519301990693147,0.8138114593063985,"{'accuracy': {'mean': 0.8290235931392782, 'std': 0.00665802442496996}, 'balanced_accuracy': {'mean': 0.8311998081469214, 'std': 0.006810061582733033}, 'brier_score': {'mean': 0.11957607543220528, 'std': 0.0019752755318620946}, 'cohen_kappa': {'mean': 0.6562602426368491, 'std': 0.013406376882228711}, 'f1': {'mean': 0.8138114593063985, 'std': 0.007348846512088823}, 'mean_absolute_stage_error': {'mean': 0.1709764068607217, 'std': 0.006658024424969958}, 'precision': {'mean': 0.7811924283647516, 'std': 0.007455227772619479}, 'quadratic_weighted_kappa': {'mean': 0.6562602426368491, 'std': 0.013406376882228711}, 'recall': {'mean': 0.8493210719160859, 'std': 0.009615333857408705}, 'roc_auc': {'mean': 0.9130093068369061, 'std': 0.0029038360577293026}}",0.8493210719160859,COMPLETE
2,0.8145184371211159,0.6727680575448478,0.07068239480981442,6,58,200,53,4.905556676028774,1.9290282632663192,0.7096834432905521,0.8144335496316758,"{'accuracy': {'mean': 0.8298067551559205, 'std': 0.007618489533259716}, 'balanced_accuracy': {'mean': 0.8318510746930435, 'std': 0.007672266258545378}, 'brier_score': {'mean': 0.11929545819360288, 'std': 0.002429743133530911}, 'cohen_kappa': {'mean': 0.6577407683520663, 'std': 0.01527546778013109}, 'f1': {'mean': 0.8144335496316758, 'std': 0.008246879010752108}, 'mean_absolute_stage_error': {'mean': 0.17019324484407952, 'std': 0.007618489533259734}, 'precision': {'mean': 0.7827287470973397, 'std': 0.009106311635854389}, 'quadratic_weighted_kappa': {'mean': 0.6577407683520663, 'std': 0.01527546778013109}, 'recall': {'mean': 0.8488748944013518, 'std': 0.010005457305779671}, 'roc_auc': {'mean': 0.9135903140065473, 'std': 0.0031409887103933144}}",0.8488748944013518,COMPLETE
3,0.7789349676013143,0.7405729935600059,0.01117051225882753,-1,42,160,19,6.388511557344611e-06,0.0571342038590756,0.9682621407275738,0.7788490344065495,"{'accuracy': {'mean': 0.7853497981449761, 'std': 0.0058598348531255975}, 'balanced_accuracy': {'mean': 0.7932789356652306, 'std': 0.006534674131427989}, 'brier_score': {'mean': 0.15657091677205304, 'std': 0.0016280996209815054}, 'cohen_kappa': {'mean': 0.5738409339081236, 'std': 0.012117619551505164}, 'f1': {'mean': 0.7788490344065495, 'std': 0.007332927531639751}, 'mean_absolute_stage_error': {'mean': 0.21465020185502395, 'std': 0.005859834853125608}, 'precision': {'mean': 0.7122447345049122, 'std': 0.005078602248193905}, 'quadratic_weighted_kappa': {'mean': 0.5738409339081236, 'std': 0.012117619551505164}, 'recall': {'mean': 0.8593319476478444, 'std': 0.014752664358081643}, 'roc_auc': {'mean': 0.8795070527375648, 'std': 0.004979253357718102}}",0.8593319476478444,COMPLETE
4,0.8181503449672741,0.6809723757181718,0.06852172720693939,-1,15,240,24,2.5529693461039728e-08,0.005303784159242412,0.9726559822580909,0.8180652128110303,"{'accuracy': {'mean': 0.8334299821228504, 'std': 0.006654640001732452}, 'balanced_accuracy': {'mean': 0.8353472889374235, 'std': 0.007097247269469872}, 'brier_score': {'mean': 0.1190734180594342, 'std': 0.0026258425354491422}, 'cohen_kappa': {'mean': 0.664896430971017, 'std': 0.013611179557341932}, 'f1': {'mean': 0.8180652128110303, 'std': 0.007858073482578576}, 'mean_absolute_stage_error': {'mean': 0.16657001787714962, 'std': 0.006654640001732455}, 'precision': {'mean': 0.7873579372266423, 'std': 0.006152922569849489}, 'quadratic_weighted_kappa': {'mean': 0.664896430971017, 'std': 0.013611179557341932}, 'recall': {'mean': 0.8513215624388396, 'std': 0.011845507627716056}, 'roc_auc': {'mean': 0.9134053964806101, 'std': 0.003974490029053813}}",0.8513215624388396,COMPLETE
5,0.801369597129995,0.6760927252879199,0.015739959562643655,-1,60,200,28,0.08916674715636537,0.0011308312159169847,0.9307689432639139,0.8012836190201922,"{'accuracy': {'mean': 0.8123761747310396, 'std': 0.00654625670520701}, 'balanced_accuracy': {'mean': 0.8174583836289546, 'std': 0.006566323293454004}, 'brier_score': {'mean': 0.13555802334954473, 'std': 0.0023524045272545853}, 'cohen_kappa': {'mean': 0.6251342672684983, 'std': 0.013007693050922977}, 'f1': {'mean': 0.8012836190201922, 'std': 0.006850879899384577}, 'mean_absolute_stage_error': {'mean': 0.18762382526896026, 'std': 0.006546256705207006}, 'precision': {'mean': 0.7502853682222241, 'std': 0.007543616505286657}, 'quadratic_weighted_kappa': {'mean': 0.6251342672684983, 'std': 0.013007693050922977}, 'recall': {'mean': 0.8597810980277517, 'std': 0.009103647514401044}, 'roc_auc': {'mean': 0.8977572456246609, 'std': 0.00435297411470572}}",0.8597810980277517,COMPLETE
6,0.7921491453336504,0.9520861990564577,0.031703965276556625,6,39,80,54,9.507847858536042e-06,0.00021723246052177621,0.6905541708337954,0.7920636346573484,"{'accuracy': {'mean': 0.8024860695823344, 'std': 0.007726715597878426}, 'balanced_accuracy': {'mean': 0.8081260677916127, 'std': 0.00791647002768205}, 'brier_score': {'mean': 0.14098570357111295, 'std': 0.0026766343201781876}, 'cohen_kappa': {'mean': 0.6059153326093004, 'std': 0.015440535376790021}, 'f1': {'mean': 0.7920636346573484, 'std': 0.008353227650896307}, 'mean_absolute_stage_error': {'mean': 0.19751393041766563, 'std': 0.007726715597878399}, 'precision': {'mean': 0.7377908929067847, 'std': 0.008845601162653796}, 'quadratic_weighted_kappa': {'mean': 0.6059153326093004, 'std': 0.015440535376790021}, 'recall': {'mean': 0.8551067630205301, 'std': 0.013648575398926327}, 'roc_auc': {'mean': 0.8923043868911696, 'std': 0.0056542763558057145}}",0.8551067630205301,COMPLETE
7,0.7907373983513654,0.9162747670159141,0.014695541082319885,6,36,160,30,0.08683696167603723,0.04145961530543038,0.8996356755280482,0.7906513091059528,"{'accuracy': {'mean': 0.7994505497139608, 'std': 0.00483751098121197}, 'balanced_accuracy': {'mean': 0.8060360134790454, 'std': 0.005179226429329976}, 'brier_score': {'mean': 0.1446433225399168, 'std': 0.0021238460742101176}, 'cohen_kappa': {'mean': 0.6006330453187528, 'std': 0.00980036489044005}, 'f1': {'mean': 0.7906513091059528, 'std': 0.005700474845316462}, 'mean_absolute_stage_error': {'mean': 0.20054945028603915, 'std': 0.004837510981211959}, 'precision': {'mean': 0.7311097807868986, 'std': 0.005818689007063732}, 'quadratic_weighted_kappa': {'mean': 0.6006330453187528, 'std': 0.00980036489044005}, 'recall': {'mean': 0.8608924541249742, 'std': 0.012315874508993978}, 'roc_auc': {'mean': 0.8890352035948574, 'std': 0.004969421995280525}}",0.8608924541249742,COMPLETE
8,0.8131401078958573,0.9676482658741326,0.027507479812842617,10,18,240,35,4.9368087974032924e-05,1.012043660269346,0.8279997419076459,0.8130545302557672,"{'accuracy': {'mean': 0.8268691305396272, 'std': 0.008009944408455386}, 'balanced_accuracy': {'mean': 0.8299686659166813, 'std': 0.0082187229521735}, 'brier_score': {'mean': 0.12203651203806157, 'std': 0.00256570828723649}, 'cohen_kappa': {'mean': 0.6525848969947705, 'std': 0.016115197346414742}, 'f1': {'mean': 0.8130545302557672, 'std': 0.008815434130080471}, 'mean_absolute_stage_error': {'mean': 0.1731308694603728, 'std': 0.008009944408455394}, 'precision': {'mean': 0.7744648502826299, 'std': 0.008891558561573958}, 'quadratic_weighted_kappa': {'mean': 0.6525848969947705, 'std': 0.016115197346414742}, 'recall': {'mean': 0.8557764009007782, 'std': 0.012171670603673855}, 'roc_auc': {'mean': 0.9105064204142203, 'std': 0.0036023405284898134}}",0.8557764009007782,COMPLETE
9,0.8117717775471688,0.9312852269146901,0.07681755019459759,6,15,120,18,1.0790237065789294,0.07228853148833447,0.9550112065657013,0.8116859551907272,"{'accuracy': {'mean': 0.824812898778131, 'std': 0.006132879067850814}, 'balanced_accuracy': {'mean': 0.8283942801124425, 'std': 0.006409254484095607}, 'brier_score': {'mean': 0.12401807753932789, 'std': 0.002188557110120494}, 'cohen_kappa': {'mean': 0.6488126332299962, 'std': 0.012399408194539309}, 'f1': {'mean': 0.8116859551907272, 'std': 0.006928532579382886}, 'mean_absolute_stage_error': {'mean': 0.1751871012218689, 'std': 0.006132879067850822}, 'precision': {'mean': 0.7700054773643081, 'std': 0.006817799888915504}, 'quadratic_weighted_kappa': {'mean': 0.6488126332299962, 'std': 0.012399408194539309}, 'recall': {'mean': 0.858223564415795, 'std': 0.011168010457360347}, 'roc_auc': {'mean': 0.9088797941205122, 'std': 0.0036054677263341215}}",0.858223564415795,COMPLETE
10,0.8106243206469638,0.7703536404395552,0.2010416169906573,4,5,360,42,1.385151701431249e-08,0.0001992572038926813,0.8425651824328453,0.8105418816092802,"{'accuracy': {'mean': 0.8304930766195744, 'std': 0.00427986742005554}, 'balanced_accuracy': {'mean': 0.8298388417897172, 'std': 0.005096935196336511}, 'brier_score': {'mean': 0.12335217379268382, 'std': 0.0014954035411468907}, 'cohen_kappa': {'mean': 0.6572654616928708, 'std': 0.009159341725245185}, 'f1': {'mean': 0.8105418816092802, 'std': 0.006185292628342486}, 'mean_absolute_stage_error': {'mean': 0.16950692338042567, 'std': 0.004279867420055545}, 'precision': {'mean': 0.7972949861400822, 'std': 0.004581112251698574}, 'quadratic_weighted_kappa': {'mean': 0.6572654616928708, 'std': 0.009159341725245185}, 'recall': {'mean': 0.8243903768354347, 'std': 0.013587135812907271}, 'roc_auc': {'mean': 0.9110772144182494, 'std': 0.0024222977818341668}}",0.8243903768354347,COMPLETE
11,0.8131053376612655,0.6576142312980922,0.09690934856498781,4,28,280,48,0.0014441715954419988,18.44184357050914,0.68097659875166,0.8130202273060328,"{'accuracy': {'mean': 0.8277510507439704, 'std': 0.004578693736863622}, 'balanced_accuracy': {'mean': 0.8302556134456491, 'std': 0.004316434264851656}, 'brier_score': {'mean': 0.1207185543840728, 'std': 0.001416833176396187}, 'cohen_kappa': {'mean': 0.6539470844024641, 'std': 0.008948085401853455}, 'f1': {'mean': 0.8130202273060328, 'std': 0.00445091911126199}, 'mean_absolute_stage_error': {'mean': 0.17224894925602965, 'std': 0.004578693736863622}, 'precision': {'mean': 0.7782552618963025, 'std': 0.007161901684502336}, 'quadratic_weighted_kappa': {'mean': 0.6539470844024641, 'std': 0.008948085401853455}, 'recall': {'mean': 0.8511035523261432, 'std': 0.00594239100479576}, 'roc_auc': {'mean': 0.9120624188761353, 'std': 0.0016962563398875432}}",0.8511035523261432,COMPLETE
12,0.8145478482830362,0.7285860972613403,0.07234906417634276,6,59,240,40,6.194456000332064,1.1606251453655039,0.8042791288412398,0.814463294646355,"{'accuracy': {'mean': 0.830492117802218, 'std': 0.006995738116155184}, 'balanced_accuracy': {'mean': 0.8321054231565876, 'std': 0.006823787032275019}, 'brier_score': {'mean': 0.11788573012707912, 'std': 0.002250321768761946}, 'cohen_kappa': {'mean': 0.6588263377672485, 'std': 0.013898902826822275}, 'f1': {'mean': 0.814463294646355, 'std': 0.007239708192518648}, 'mean_absolute_stage_error': {'mean': 0.16950788219778196, 'std': 0.006995738116155184}, 'precision': {'mean': 0.7856231621339862, 'std': 0.009132401837915152}, 'quadratic_weighted_kappa': {'mean': 0.6588263377672485, 'std': 0.013898902826822275}, 'recall': {'mean': 0.8455363668119242, 'std': 0.006568911199354821}, 'roc_auc': {'mean': 0.9149815440840913, 'std': 0.0030090927449026115}}",0.8455363668119242,COMPLETE
13,0.8158348595869375,0.7401375666843812,0.1356076080368129,-1,28,280,38,0.003289385241885915,0.004400648092711709,0.7959236129146252,0.815752220227689,"{'accuracy': {'mean': 0.8357803311083977, 'std': 0.004947976209228213}, 'balanced_accuracy': {'mean': 0.8347736336655925, 'std': 0.0053755600046230595}, 'brier_score': {'mean': 0.12244666197835655, 'std': 0.0036160725101006606}, 'cohen_kappa': {'mean': 0.6676773517651875, 'std': 0.0102420215433248}, 'f1': {'mean': 0.815752220227689, 'std': 0.006153729634414969}, 'mean_absolute_stage_error': {'mean': 0.16421966889160236, 'std': 0.004947976209228216}, 'precision': {'mean': 0.805408528866168, 'std': 0.003924230649360953}, 'quadratic_weighted_kappa': {'mean': 0.6676773517651875, 'std': 0.0102420215433248}, 'recall': {'mean': 0.8263935924845969, 'std': 0.009285383711744677}, 'roc_auc': {'mean': 0.9158304003223263, 'std': 0.003985777915044211}}",0.8263935924845969,COMPLETE
14,0.8146730965430696,0.7782331031179882,0.16968658145403956,-1,26,280,37,3.0903419157408147e-07,0.0024860274930070367,0.999045634400205,0.8145907908136152,"{'accuracy': {'mean': 0.8351928637141803, 'std': 0.006029628533893283}, 'balanced_accuracy': {'mean': 0.8338918155997599, 'std': 0.006485081859752914}, 'brier_score': {'mean': 0.1250352109248805, 'std': 0.003077489530483147}, 'cohen_kappa': {'mean': 0.6662972169207587, 'std': 0.012413643381780184}, 'f1': {'mean': 0.8145907908136152, 'std': 0.007461803582966644}, 'mean_absolute_stage_error': {'mean': 0.1648071362858196, 'std': 0.006029628533893278}, 'precision': {'mean': 0.8064474516740866, 'std': 0.007741033153106745}, 'quadratic_weighted_kappa': {'mean': 0.6662972169207587, 'std': 0.012413643381780184}, 'recall': {'mean': 0.8230572945440491, 'std': 0.013459378773938508}, 'roc_auc': {'mean': 0.9160123156036244, 'std': 0.002773714395393566}}",0.8230572945440491,COMPLETE
15,0.8156731565225791,0.7170084939515488,0.1432388025202146,-1,25,360,24,0.0016266962635916868,0.007741944002440564,0.8777058127049169,0.8155902719515016,"{'accuracy': {'mean': 0.8350951122847036, 'std': 0.004860117552091918}, 'balanced_accuracy': {'mean': 0.8344257309021377, 'std': 0.004937185979877313}, 'brier_score': {'mean': 0.12146127621605962, 'std': 0.0027934721533613054}, 'cohen_kappa': {'mean': 0.6665291806525688, 'std': 0.009810208539626867}, 'f1': {'mean': 0.8155902719515016, 'std': 0.005438238975009038}, 'mean_absolute_stage_error': {'mean': 0.16490488771529646, 'std': 0.004860117552091927}, 'precision': {'mean': 0.8027882419263953, 'std': 0.006164327267510107}, 'quadratic_weighted_kappa': {'mean': 0.6665291806525688, 'std': 0.009810208539626867}, 'recall': {'mean': 0.8288457107749021, 'std': 0.007236815708766741}, 'roc_auc': {'mean': 0.9151487313843987, 'std': 0.002697353444026413}}",0.8288457107749021,COMPLETE
16,0.8144846222244017,0.8177535669939808,0.11855514924546301,-1,5,280,15,0.0010877849299928224,0.001514684401749473,0.7647948625139618,0.8144002911066787,"{'accuracy': {'mean': 0.8308837467514069, 'std': 0.006389484541509443}, 'balanced_accuracy': {'mean': 0.8322165281128647, 'std': 0.006356697529654097}, 'brier_score': {'mean': 0.12062841787425263, 'std': 0.0029625039945839946}, 'cohen_kappa': {'mean': 0.6594172877900231, 'std': 0.012769355200891792}, 'f1': {'mean': 0.8144002911066787, 'std': 0.006862668868907909}, 'mean_absolute_stage_error': {'mean': 0.16911625324859306, 'std': 0.006389484541509455}, 'precision': {'mean': 0.7874891418571353, 'std': 0.008875893098858067}, 'quadratic_weighted_kappa': {'mean': 0.6594172877900231, 'std': 0.012769355200891792}, 'recall': {'mean': 0.8433111772298346, 'std': 0.009486440199065353}, 'roc_auc': {'mean': 0.9112575439181072, 'std': 0.0033848710331754305}}",0.8433111772298346,COMPLETE
17,0.8211404596466542,0.7035483526188103,0.050486260529013643,-1,33,320,45,0.034240819579122624,0.012974032521868762,0.8788439118488813,0.8210563064796856,"{'accuracy': {'mean': 0.8386205398812889, 'std': 0.003891321275259451}, 'balanced_accuracy': {'mean': 0.8389331224979519, 'std': 0.004075962314115396}, 'brier_score': {'mean': 0.11597621241834755, 'std': 0.0015420878613540473}, 'cohen_kappa': {'mean': 0.6742603268977652, 'std': 0.007921182014052393}, 'f1': {'mean': 0.8210563064796856, 'std': 0.00452646409217747}, 'mean_absolute_stage_error': {'mean': 0.16137946011871118, 'std': 0.0038913212752594312}, 'precision': {'mean': 0.8015831929459913, 'std': 0.004511662710534538}, 'quadratic_weighted_kappa': {'mean': 0.6742603268977652, 'std': 0.007921182014052393}, 'recall': {'mean': 0.8415316696849506, 'std': 0.006942200371634644}, 'roc_auc': {'mean': 0.9178067182444899, 'std': 0.0022195216853404752}}",0.8415316696849506,COMPLETE
18,0.8217883508737187,0.7052829550210197,0.045302057359871535,-1,50,320,62,2.738421547412418e-07,0.023484255250996944,0.8977498612100382,0.8217044873133659,"{'accuracy': {'mean': 0.8398930343357289, 'std': 0.00632369131901203}, 'balanced_accuracy': {'mean': 0.8397585814571438, 'std': 0.006564645220141336}, 'brier_score': {'mean': 0.11583160643928403, 'std': 0.002635896232341301}, 'cohen_kappa': {'mean': 0.676527379666422, 'std': 0.012862433980920553}, 'f1': {'mean': 0.8217044873133659, 'std': 0.00731791392989722}, 'mean_absolute_stage_error': {'mean': 0.16010696566427107, 'std': 0.0063236913190120436}, 'precision': {'mean': 0.8055023886105787, 'std': 0.00737818843672397}, 'quadratic_weighted_kappa': {'mean': 0.676527379666422, 'std': 0.012862433980920553}, 'recall': {'mean': 0.8386356035287911, 'std': 0.01035401196413676}, 'roc_auc': {'mean': 0.9182183848087752, 'std': 0.003117561274411963}}",0.8386356035287911,COMPLETE
19,0.8079909000584558,0.8062127029575127,0.04015237854588166,4,50,320,63,0.000121044433366855,0.24220733818191661,0.8830153849895794,0.8079055674320037,"{'accuracy': {'mean': 0.8214833096265742, 'std': 0.005827074131265775}, 'balanced_accuracy': {'mean': 0.824896449686525, 'std': 0.006121232115757137}, 'brier_score': {'mean': 0.12499313473743937, 'std': 0.002092776732508499}, 'cohen_kappa': {'mean': 0.6420530561206639, 'std': 0.011813295489412222}, 'f1': {'mean': 0.8079055674320037, 'std': 0.006648141005921373}, 'mean_absolute_stage_error': {'mean': 0.17851669037342582, 'std': 0.005827074131265763}, 'precision': {'mean': 0.7671254042374125, 'std': 0.006030710084708857}, 'quadratic_weighted_kappa': {'mean': 0.6420530561206639, 'std': 0.011813295489412222}, 'recall': {'mean': 0.8533262645205884, 'std': 0.010345435927559463}, 'roc_auc': {'mean': 0.9079927486910033, 'std': 0.00350756334674128}}",0.8533262645205884,COMPLETE
20,0.8187317167443026,0.6962128895011729,0.049285306003095726,10,51,320,47,5.522647372171152e-07,0.02324733809319998,0.9135011418466477,0.8186477641961855,"{'accuracy': {'mean': 0.8363674149756724, 'std': 0.010160809702652223}, 'balanced_accuracy': {'mean': 0.8367070932580066, 'std': 0.010390056612619684}, 'brier_score': {'mean': 0.11552103925026284, 'std': 0.0033855225500102515}, 'cohen_kappa': {'mean': 0.6697505443433347, 'std': 0.02053131782007272}, 'f1': {'mean': 0.8186477641961855, 'std': 0.011377309318136856}, 'mean_absolute_stage_error': {'mean': 0.1636325850243276, 'std': 0.010160809702652245}, 'precision': {'mean': 0.7988565505264066, 'std': 0.011459929303341889}, 'quadratic_weighted_kappa': {'mean': 0.6697505443433347, 'std': 0.02053131782007272}, 'recall': {'mean': 0.8395254811706152, 'std': 0.013987412376466727}, 'roc_auc': {'mean': 0.918174581644849, 'std': 0.003882716099385122}}",0.8395254811706152,COMPLETE
21,0.8188566887908344,0.7028260556199911,0.04833644780934143,10,47,320,46,2.286996447069931e-07,0.017448794900082956,0.9119340264265556,0.8187727583905628,"{'accuracy': {'mean': 0.8365636848885112, 'std': 0.0059179622441685}, 'balanced_accuracy': {'mean': 0.8368580564573642, 'std': 0.006365825073592133}, 'brier_score': {'mean': 0.11527301212286636, 'std': 0.0024459790165170217}, 'cohen_kappa': {'mean': 0.6701097326015744, 'std': 0.012162612759219668}, 'f1': {'mean': 0.8187727583905628, 'std': 0.007187023095266191}, 'mean_absolute_stage_error': {'mean': 0.16343631511148887, 'std': 0.005917962244168488}, 'precision': {'mean': 0.7993054849231817, 'std': 0.006315669066790189}, 'quadratic_weighted_kappa': {'mean': 0.6701097326015744, 'std': 0.012162612759219668}, 'recall': {'mean': 0.8393040027152168, 'std': 0.011976120882281038}, 'roc_auc': {'mean': 0.9183989846670547, 'std': 0.0029787829162073935}}",0.8393040027152168,COMPLETE
22,0.8186922527307641,0.7081516769406345,0.026517753365026337,10,51,360,56,1.0930073839449643e-07,0.1976979530269803,0.8584620050090596,0.8186073652165501,"{'accuracy': {'mean': 0.8345075490087506, 'std': 0.004896233309843203}, 'balanced_accuracy': {'mean': 0.8360478439992285, 'std': 0.005223651476988266}, 'brier_score': {'mean': 0.11643901894887536, 'std': 0.0018443043321761967}, 'cohen_kappa': {'mean': 0.66680932651873, 'std': 0.009988242795062942}, 'f1': {'mean': 0.8186073652165501, 'std': 0.0058445049858463225}, 'mean_absolute_stage_error': {'mean': 0.16549245099124935, 'std': 0.004896233309843192}, 'precision': {'mean': 0.7905357661506462, 'std': 0.006692683353021379}, 'quadratic_weighted_kappa': {'mean': 0.66680932651873, 'std': 0.009988242795062942}, 'recall': {'mean': 0.8488751421401162, 'std': 0.011475195964716335}, 'roc_auc': {'mean': 0.9167226466649356, 'std': 0.002728532647597228}}",0.8488751421401162,COMPLETE
