number,value,params_l2_regularization,params_learning_rate,params_max_iter,params_max_leaf_nodes,params_min_samples_leaf,user_attrs_f1,user_attrs_metrics,user_attrs_recall,state
0,0.8153928282606717,2.5361081166471375e-07,0.03338755504130913,320,49,32,0.8153088533665181,"{'accuracy': {'mean': 0.8326467242244726, 'std': 0.006723404038728286}, 'balanced_accuracy': {'mean': 0.8334089677671285, 'std': 0.007123697651645691}, 'brier_score': {'mean': 0.11697533650630287, 'std': 0.0019739687979336822}, 'cohen_kappa': {'mean': 0.6625570667132148, 'std': 0.013733344067323384}, 'f1': {'mean': 0.8153088533665181, 'std': 0.007997464595772394}, 'mean_absolute_stage_error': {'mean': 0.16735327577552744, 'std': 0.006723404038728305}, 'precision': {'mean': 0.7923898005913397, 'std': 0.008281762940622188}, 'quadratic_weighted_kappa': {'mean': 0.6625570667132148, 'std': 0.013733344067323384}, 'recall': {'mean': 0.8397489415361289, 'std': 0.013829147480763896}, 'roc_auc': {'mean': 0.9158304558031898, 'std': 0.002427150668481638}}",0.8397489415361289,COMPLETE
1,0.7892071171048249,0.023585940584142682,0.01652231817012285,80,56,32,0.7891204490177893,"{'accuracy': {'mean': 0.7962190475779555, 'std': 0.008003919589358354}, 'balanced_accuracy': {'mean': 0.8037720376961304, 'std': 0.008124478964753155}, 'brier_score': {'mean': 0.15397915572813242, 'std': 0.0023350006746660165}, 'cohen_kappa': {'mean': 0.5950099282036067, 'std': 0.01588956154022493}, 'f1': {'mean': 0.7891204490177893, 'std': 0.00844810015805147}, 'mean_absolute_stage_error': {'mean': 0.20378095242204455, 'std': 0.008003919589358359}, 'precision': {'mean': 0.7244213736221845, 'std': 0.009190905289932985}, 'quadratic_weighted_kappa': {'mean': 0.5950099282036067, 'std': 0.01588956154022493}, 'recall': {'mean': 0.8666808703558271, 'std': 0.013988679280901901}, 'roc_auc': {'mean': 0.8864789174075819, 'std': 0.005806424177578807}}",0.8666808703558271,COMPLETE
2,0.8069837700630603,4.329370014459266e-07,0.010685033500506827,320,54,14,0.8068983485727135,"{'accuracy': {'mean': 0.8201114816940194, 'std': 0.009556427132696974}, 'balanced_accuracy': {'mean': 0.823767266110645, 'std': 0.009441090290519778}, 'brier_score': {'mean': 0.12772341829487346, 'std': 0.002644968883952125}, 'cohen_kappa': {'mean': 0.6395046189659749, 'std': 0.01895215394105526}, 'f1': {'mean': 0.8068983485727135, 'std': 0.00994160374351239}, 'mean_absolute_stage_error': {'mean': 0.17988851830598068, 'std': 0.009556427132696969}, 'precision': {'mean': 0.7647292661941939, 'std': 0.012932344375270688}, 'quadratic_weighted_kappa': {'mean': 0.6395046189659749, 'std': 0.01895215394105526}, 'recall': {'mean': 0.8542149034685904, 'std': 0.01417266195311987}, 'roc_auc': {'mean': 0.9042492585042738, 'std': 0.0038659346401607726}}",0.8542149034685904,COMPLETE
3,0.804723003969656,4.17890272377219e-06,0.01804631368480851,160,38,24,0.804636781093954,"{'accuracy': {'mean': 0.8158032756077344, 'std': 0.007639960713738613}, 'balanced_accuracy': {'mean': 0.820780038746675, 'std': 0.00781746284661636}, 'brier_score': {'mean': 0.13432322753447848, 'std': 0.002360616628958422}, 'cohen_kappa': {'mean': 0.6318651427027361, 'std': 0.015288207284335472}, 'f1': {'mean': 0.804636781093954, 'std': 0.008259239012960924}, 'mean_absolute_stage_error': {'mean': 0.1841967243922656, 'std': 0.00763996071373861}, 'precision': {'mean': 0.7543466571164702, 'std': 0.008719627825372275}, 'quadratic_weighted_kappa': {'mean': 0.6318651427027361, 'std': 0.015288207284335472}, 'recall': {'mean': 0.8622287570202973, 'std': 0.012589488826383081}, 'roc_auc': {'mean': 0.8981591313439538, 'std': 0.003930275206286455}}",0.8622287570202973,COMPLETE
4,0.8080351320331046,0.00012724181576752517,0.07166937892378115,80,25,21,0.8079495098991325,"{'accuracy': {'mean': 0.8208953628236788, 'std': 0.0071043109402958975}, 'balanced_accuracy': {'mean': 0.8246836069849633, 'std': 0.006786996457325863}, 'brier_score': {'mean': 0.12634513102908765, 'std': 0.0020227152638832915}, 'cohen_kappa': {'mean': 0.6411631752655572, 'std': 0.013912716994523223}, 'f1': {'mean': 0.8079495098991325, 'std': 0.0070361143148839475}, 'mean_absolute_stage_error': {'mean': 0.17910463717632125, 'std': 0.007104310940295915}, 'precision': {'mean': 0.7649844861812165, 'std': 0.010923898423395355}, 'quadratic_weighted_kappa': {'mean': 0.6411631752655572, 'std': 0.013912716994523223}, 'recall': {'mean': 0.8562213397216902, 'std': 0.01090077756413333}, 'roc_auc': {'mean': 0.9059631365234019, 'std': 0.002544566323960128}}",0.8562213397216902,COMPLETE
5,0.8146077975333085,2.6185068507773707e-08,0.125207080851629,120,37,32,0.8145239336013474,"{'accuracy': {'mean': 0.8319620806911923, 'std': 0.003709368258150653}, 'balanced_accuracy': {'mean': 0.8326793316293675, 'std': 0.003612165619945162}, 'brier_score': {'mean': 0.12035134332437862, 'std': 0.0020340168761819235}, 'cohen_kappa': {'mean': 0.6611634270931874, 'std': 0.007337684395336019}, 'f1': {'mean': 0.8145239336013474, 'std': 0.0039390809387273296}, 'mean_absolute_stage_error': {'mean': 0.16803791930880774, 'std': 0.003709368258150677}, 'precision': {'mean': 0.7918529907740389, 'std': 0.00698923500835865}, 'quadratic_weighted_kappa': {'mean': 0.6611634270931874, 'std': 0.007337684395336019}, 'recall': {'mean': 0.8386393196102574, 'std': 0.008180368303620731}, 'roc_auc': {'mean': 0.9121258233561758, 'std': 0.0026330134235779397}}",0.8386393196102574,COMPLETE
6,0.8046727470427204,4.905556676028774,0.07068239480981442,120,13,48,0.8045870582670206,"{'accuracy': {'mean': 0.8168806507301634, 'std': 0.00817849541564113}, 'balanced_accuracy': {'mean': 0.8211700499653294, 'std': 0.008345391915989726}, 'brier_score': {'mean': 0.1284506169967073, 'std': 0.0019525834414758213}, 'cohen_kappa': {'mean': 0.6335109658112306, 'std': 0.01637671666409775}, 'f1': {'mean': 0.8045870582670206, 'std': 0.008818773045206608}, 'mean_absolute_stage_error': {'mean': 0.1831193492698366, 'std': 0.008178495415641127}, 'precision': {'mean': 0.7583525603896242, 'std': 0.008644283828334143}, 'quadratic_weighted_kappa': {'mean': 0.6335109658112306, 'std': 0.01637671666409775}, 'recall': {'mean': 0.8568877569980007, 'std': 0.011540001696518863}, 'roc_auc': {'mean': 0.9041456039102534, 'std': 0.0031331178200016477}}",0.8568877569980007,COMPLETE
7,0.8106233967264151,9.148975058772307e-05,0.13492455545375232,160,15,36,0.810538931904081,"{'accuracy': {'mean': 0.8262822384358237, 'std': 0.004273330887251518}, 'balanced_accuracy': {'mean': 0.8282516487006246, 'std': 0.004465358544797862}, 'brier_score': {'mean': 0.12147839672424995, 'std': 0.0016173423937404765}, 'cohen_kappa': {'mean': 0.6506330229056647, 'std': 0.008651648254891953}, 'f1': {'mean': 0.810538931904081, 'std': 0.004941002169101327}, 'mean_absolute_stage_error': {'mean': 0.1737177615641763, 'std': 0.004273330887251527}, 'precision': {'mean': 0.7791538939672463, 'std': 0.005818796896805314}, 'quadratic_weighted_kappa': {'mean': 0.6506330229056647, 'std': 0.008651648254891953}, 'recall': {'mean': 0.8446482233414508, 'std': 0.009385361535313776}, 'roc_auc': {'mean': 0.9106920868910813, 'std': 0.002929507255076624}}",0.8446482233414508,COMPLETE
8,0.7763766361960643,2.133142332373004e-06,0.01481160532165696,200,11,46,0.776291503915951,"{'accuracy': {'mean': 0.7841754386469553, 'std': 0.003787024055172995}, 'balanced_accuracy': {'mean': 0.7913718821232691, 'std': 0.004662451442903858}, 'brier_score': {'mean': 0.15093431014104408, 'std': 0.0017731876736862317}, 'cohen_kappa': {'mean': 0.5709095348346696, 'std': 0.008189967188512271}, 'f1': {'mean': 0.776291503915951, 'std': 0.005526491127534193}, 'mean_absolute_stage_error': {'mean': 0.21582456135304467, 'std': 0.003787024055173006}, 'precision': {'mean': 0.7134987912253379, 'std': 0.002445692118916563}, 'quadratic_weighted_kappa': {'mean': 0.5709095348346696, 'std': 0.008189967188512271}, 'recall': {'mean': 0.8513228011326616, 'std': 0.013155762082615895}, 'roc_auc': {'mean': 0.8794388362567815, 'std': 0.004679769966838831}}",0.8513228011326616,COMPLETE
9,0.8168339983148588,4.609885087947832e-07,0.08436579589365062,160,38,30,0.8167500232472881,"{'accuracy': {'mean': 0.8342142467794524, 'std': 0.004107982226126547}, 'balanced_accuracy': {'mean': 0.8348088186336774, 'std': 0.003875781100317572}, 'brier_score': {'mean': 0.11823361531422512, 'std': 0.0027137552993908324}, 'cohen_kappa': {'mean': 0.6656043226089065, 'std': 0.0080226299498806}, 'f1': {'mean': 0.8167500232472881, 'std': 0.0042469373798719795}, 'mean_absolute_stage_error': {'mean': 0.16578575322054764, 'std': 0.004107982226126532}, 'precision': {'mean': 0.7951686781841415, 'std': 0.00928223997191328}, 'quadratic_weighted_kappa': {'mean': 0.6656043226089065, 'std': 0.0080226299498806}, 'recall': {'mean': 0.8397506757074801, 'std': 0.010946865461776306}, 'roc_auc': {'mean': 0.9144035180011294, 'std': 0.0035832399367974823}}",0.8397506757074801,COMPLETE
10,0.8157420244263962,4.5224138961273885,0.2237998777207589,240,62,5,0.8156594735346605,"{'accuracy': {'mean': 0.8358789454734952, 'std': 0.006043410355463992}, 'balanced_accuracy': {'mean': 0.834768741421042, 'std': 0.006720719177871249}, 'brier_score': {'mean': 0.12479261720716747, 'std': 0.002593597401548855}, 'cohen_kappa': {'mean': 0.6678001273621446, 'std': 0.01260699944739367}, 'f1': {'mean': 0.8156594735346605, 'std': 0.007773699338640163}, 'mean_absolute_stage_error': {'mean': 0.16412105452650483, 'std': 0.006043410355463992}, 'precision': {'mean': 0.8061131707040637, 'std': 0.00422796738984518}, 'quadratic_weighted_kappa': {'mean': 0.6678001273621446, 'std': 0.01260699944739367}, 'recall': {'mean': 0.8255089173568255, 'std': 0.012928572407062806}, 'roc_auc': {'mean': 0.9168915806541473, 'std': 0.002543438230648492}}",0.8255089173568255,COMPLETE
11,0.8154976589513202,8.895595288274592,0.19381072760546475,240,62,8,0.815415019121368,"{'accuracy': {'mean': 0.8353894212722259, 'std': 0.0027608029710252157}, 'balanced_accuracy': {'mean': 0.8344275604574751, 'std': 0.0025571109388605067}, 'brier_score': {'mean': 0.12352126155987737, 'std': 0.0015304358884649484}, 'cohen_kappa': {'mean': 0.6669301824400398, 'std': 0.005364218484135268}, 'f1': {'mean': 0.815415019121368, 'std': 0.002802702796035815}, 'mean_absolute_stage_error': {'mean': 0.16461057872777402, 'std': 0.0027608029710252226}, 'precision': {'mean': 0.8048229646260285, 'std': 0.006816040847654466}, 'quadratic_weighted_kappa': {'mean': 0.6669301824400398, 'std': 0.005364218484135268}, 'recall': {'mean': 0.826398299521121, 'std': 0.007439568284160535}, 'roc_auc': {'mean': 0.9155932332296143, 'std': 0.0025640242182684743}}",0.826398299521121,COMPLETE
12,0.8137466709524017,0.04733242076166055,0.24577748337527142,240,43,7,0.8136648770016869,"{'accuracy': {'mean': 0.8351934390045941, 'std': 0.002593222312413007}, 'balanced_accuracy': {'mean': 0.8333442526534744, 'std': 0.002943122125370977}, 'brier_score': {'mean': 0.13149336119412355, 'std': 0.0027533647121044964}, 'cohen_kappa': {'mean': 0.6659384790994434, 'std': 0.00539589413117925}, 'f1': {'mean': 0.8136648770016869, 'std': 0.0035566457041859532}, 'mean_absolute_stage_error': {'mean': 0.16480656099540583, 'std': 0.002593222312412984}, 'precision': {'mean': 0.8095511605115778, 'std': 0.005601117029395338}, 'quadratic_weighted_kappa': {'mean': 0.6659384790994434, 'std': 0.00539589413117925}, 'recall': {'mean': 0.817939507148502, 'std': 0.009523375734486687}, 'roc_auc': {'mean': 0.9148190432805622, 'std': 0.0025907791522192043}}",0.817939507148502,COMPLETE
13,0.8146456686746971,0.03557504491565528,0.05805046720973181,240,24,19,0.8145608921969973,"{'accuracy': {'mean': 0.8301991511589943, 'std': 0.005961792295759447}, 'balanced_accuracy': {'mean': 0.8320831116603287, 'std': 0.006390966131466935}, 'brier_score': {'mean': 0.11974760090070047, 'std': 0.0019357293994832993}, 'cohen_kappa': {'mean': 0.6584074470108587, 'std': 0.012206646372660713}, 'f1': {'mean': 0.8145608921969973, 'std': 0.0070721325965267005}, 'mean_absolute_stage_error': {'mean': 0.16980084884100557, 'std': 0.005961792295759424}, 'precision': {'mean': 0.7839074177245628, 'std': 0.005464097385084168}, 'quadratic_weighted_kappa': {'mean': 0.6584074470108587, 'std': 0.012206646372660713}, 'recall': {'mean': 0.8477647769979513, 'std': 0.011047417041566853}, 'roc_auc': {'mean': 0.9125166900766203, 'std': 0.0027153733848613703}}",0.8477647769979513,COMPLETE
14,0.8205918753907215,0.0007187551363036988,0.1182733971305495,280,63,41,0.8205093472166306,"{'accuracy': {'mean': 0.8411661999623185, 'std': 0.006569844872965547}, 'balanced_accuracy': {'mean': 0.8394630749346075, 'std': 0.006983792856303978}, 'brier_score': {'mean': 0.1255709773859835, 'std': 0.004083024655234239}, 'cohen_kappa': {'mean': 0.6780773155284225, 'std': 0.013515079289889455}, 'f1': {'mean': 0.8205093472166306, 'std': 0.007962519437159357}, 'mean_absolute_stage_error': {'mean': 0.15883380003768152, 'std': 0.006569844872965519}, 'precision': {'mean': 0.8158249247347275, 'std': 0.005996839804015452}, 'quadratic_weighted_kappa': {'mean': 0.6780773155284225, 'std': 0.013515079289889455}, 'recall': {'mean': 0.8252817409098453, 'std': 0.010937787753829148}, 'roc_auc': {'mean': 0.9169068537956198, 'std': 0.003756142100929663}}",0.8252817409098453,COMPLETE
15,0.8210651564372944,0.0002522591007989184,0.11296984058679212,280,28,43,0.8209814485312072,"{'accuracy': {'mean': 0.8394045648335517, 'std': 0.0037572894680123507}, 'balanced_accuracy': {'mean': 0.8391549823506104, 'std': 0.0040688675370187995}, 'brier_score': {'mean': 0.11864355043973755, 'std': 0.0016189167626125235}, 'cohen_kappa': {'mean': 0.6754710387787938, 'std': 0.00770709021548662}, 'f1': {'mean': 0.8209814485312072, 'std': 0.004667330416815027}, 'mean_absolute_stage_error': {'mean': 0.1605954351664483, 'std': 0.0037572894680123472}, 'precision': {'mean': 0.8055971585803897, 'std': 0.00578753287231982}, 'quadratic_weighted_kappa': {'mean': 0.6754710387787938, 'std': 0.00770709021548662}, 'recall': {'mean': 0.8370790608718919, 'std': 0.010203722254243224}, 'roc_auc': {'mean': 0.9149970243996046, 'std': 0.002286982781970239}}",0.8370790608718919,COMPLETE
16,0.8162022059684995,0.0007796260501917435,0.040971294906726914,280,29,42,0.8161172515400452,"{'accuracy': {'mean': 0.8315695408655148, 'std': 0.005801845341193245}, 'balanced_accuracy': {'mean': 0.8334977233395182, 'std': 0.005855622814265077}, 'brier_score': {'mean': 0.11819159750693706, 'std': 0.002363093274959241}, 'cohen_kappa': {'mean': 0.6611894274675081, 'std': 0.01163835559450998}, 'f1': {'mean': 0.8161172515400452, 'std': 0.006333758289402326}, 'mean_absolute_stage_error': {'mean': 0.16843045913448518, 'std': 0.005801845341193215}, 'precision': {'mean': 0.7852766170494314, 'std': 0.007366622896410988}, 'quadratic_weighted_kappa': {'mean': 0.6611894274675081, 'std': 0.01163835559450998}, 'recall': {'mean': 0.8495442845428351, 'std': 0.008762455672884105}, 'roc_auc': {'mean': 0.9146532576557684, 'std': 0.0032005707264347993}}",0.8495442845428351,COMPLETE
17,0.8201085566196881,0.002042830032164969,0.12089014588870448,280,46,39,0.8200254941474039,"{'accuracy': {'mean': 0.8395998759290342, 'std': 0.002709585406403939}, 'balanced_accuracy': {'mean': 0.8386383683101277, 'std': 0.0029416620069108836}, 'brier_score': {'mean': 0.12206015296904796, 'std': 0.0024922428870785547}, 'cohen_kappa': {'mean': 0.6754052751631605, 'std': 0.005552153952441622}, 'f1': {'mean': 0.8200254941474039, 'std': 0.0034458715525064773}, 'mean_absolute_stage_error': {'mean': 0.1604001240709659, 'std': 0.0027095854064039457}, 'precision': {'mean': 0.8097953301756634, 'std': 0.005669218734976055}, 'quadratic_weighted_kappa': {'mean': 0.6754052751631605, 'std': 0.005552153952441622}, 'recall': {'mean': 0.8306247228422572, 'std': 0.008950544010976445}, 'roc_auc': {'mean': 0.9173620665726749, 'std': 0.00232905694081479}}",0.8306247228422572,COMPLETE
18,0.8124103283848452,3.199030857436457e-05,0.10192373770954408,280,32,50,0.8123277556920983,"{'accuracy': {'mean': 0.832157295904939, 'std': 0.0073399045669762936}, 'balanced_accuracy': {'mean': 0.8314685026153905, 'std': 0.007626016353443535}, 'brier_score': {'mean': 0.12081487958771212, 'std': 0.0030935302956376443}, 'cohen_kappa': {'mean': 0.6605990213906432, 'std': 0.014945882755235663}, 'f1': {'mean': 0.8123277556920983, 'std': 0.008543403128787276}, 'mean_absolute_stage_error': {'mean': 0.167842704095061, 'std': 0.007339904566976305}, 'precision': {'mean': 0.7994353107582935, 'std': 0.008497738125393773}, 'quadratic_weighted_kappa': {'mean': 0.6605990213906432, 'std': 0.014945882755235663}, 'recall': {'mean': 0.8257269274695218, 'std': 0.012025997108413839}, 'roc_auc': {'mean': 0.9140573785617055, 'std': 0.003754884398001025}}",0.8257269274695218,COMPLETE
19,0.8150835924615422,0.0035776279161575217,0.15797245364962434,320,20,43,0.8150006855444282,"{'accuracy': {'mean': 0.8344099893427451, 'std': 0.0032940105199250787}, 'balanced_accuracy': {'mean': 0.8338381603855938, 'std': 0.0033638800260228836}, 'brier_score': {'mean': 0.11966003098989537, 'std': 0.001764165494908309}, 'cohen_kappa': {'mean': 0.6652156459543755, 'std': 0.006612610126464262}, 'f1': {'mean': 0.8150006855444282, 'std': 0.0037791806059942618}, 'mean_absolute_stage_error': {'mean': 0.1655900106572549, 'std': 0.0032940105199250756}, 'precision': {'mean': 0.8015049911313159, 'std': 0.0064702257776448864}, 'quadratic_weighted_kappa': {'mean': 0.6652156459543755, 'std': 0.006612610126464262}, 'recall': {'mean': 0.8290691711404158, 'std': 0.008716806324176634}, 'roc_auc': {'mean': 0.9152855476889983, 'std': 0.0026013802027216493}}",0.8290691711404158,COMPLETE
20,0.8168696292280082,0.3291491499852116,0.05144734738937763,280,54,38,0.8167859881370658,"{'accuracy': {'mean': 0.834899082076204, 'std': 0.005245542435427452}, 'balanced_accuracy': {'mean': 0.8350610946976763, 'std': 0.005107547437169141}, 'brier_score': {'mean': 0.11680081322235684, 'std': 0.0026201091009342673}, 'cohen_kappa': {'mean': 0.6666913642679673, 'std': 0.010437368126085941}, 'f1': {'mean': 0.8167859881370658, 'std': 0.005480011468193081}, 'mean_absolute_stage_error': {'mean': 0.16510091792379605, 'std': 0.00524554243542746}, 'precision': {'mean': 0.7980940982373765, 'std': 0.007379445970146567}, 'quadratic_weighted_kappa': {'mean': 0.6666913642679673, 'std': 0.010437368126085941}, 'recall': {'mean': 0.8364109094242304, 'std': 0.005709019739667447}, 'roc_auc': {'mean': 0.9171641586275173, 'std': 0.0036343346533495814}}",0.8364109094242304,COMPLETE
21,0.8170285155824707,0.001557910717478956,0.10587385930626708,280,46,39,0.8169458537533163,"{'accuracy': {'mean': 0.8370535926167229, 'std': 0.006835894644899487}, 'balanced_accuracy': {'mean': 0.8359355460558469, 'std': 0.007313489898973559}, 'brier_score': {'mean': 0.12212522053070671, 'std': 0.0041969034664462584}, 'cohen_kappa': {'mean': 0.6701654135404944, 'std': 0.014055916264927798}, 'f1': {'mean': 0.8169458537533163, 'std': 0.00831464280561281}, 'mean_absolute_stage_error': {'mean': 0.16294640738327718, 'std': 0.00683589464489947}, 'precision': {'mean': 0.8075947794631633, 'std': 0.007275531330878602}, 'quadratic_weighted_kappa': {'mean': 0.6701654135404944, 'std': 0.014055916264927798}, 'recall': {'mean': 0.8266182915439326, 'std': 0.013127123936539807}, 'roc_auc': {'mean': 0.9156730852190608, 'std': 0.004289160499047658}}",0.8266182915439326,COMPLETE
22,0.8183168060925718,0.004627883440605082,0.1669824554839296,280,49,43,0.8182344337709375,"{'accuracy': {'mean': 0.8390119291261385, 'std': 0.005458266432864632}, 'balanced_accuracy': {'mean': 0.8373731591750925, 'std': 0.0058656845214084576}, 'brier_score': {'mean': 0.1278925278235383, 'std': 0.004109459721556879}, 'cohen_kappa': {'mean': 0.6737748980334504, 'std': 0.011247634363097623}, 'f1': {'mean': 0.8182344337709375, 'std': 0.00672741478572171}, 'mean_absolute_stage_error': {'mean': 0.16098807087386136, 'std': 0.0054582664328646545}, 'precision': {'mean': 0.8129049887923763, 'std': 0.006327606100803399}, 'quadratic_weighted_kappa': {'mean': 0.6737748980334504, 'std': 0.011247634363097623}, 'recall': {'mean': 0.8237232163428307, 'std': 0.011200568718285113}, 'roc_auc': {'mean': 0.9170072122963443, 'std': 0.004304159049258517}}",0.8237232163428307,COMPLETE
23,0.8190754167047943,0.00020455451928888386,0.10039354962517896,320,57,36,0.8189927325048295,"{'accuracy': {'mean': 0.8392085346250522, 'std': 0.0032539022622569444}, 'balanced_accuracy': {'mean': 0.8378839056846491, 'std': 0.0033409596839951853}, 'brier_score': {'mean': 0.12320382959538004, 'std': 0.0023773217791421986}, 'cohen_kappa': {'mean': 0.6743827750855917, 'std': 0.00657355670003493}, 'f1': {'mean': 0.8189927325048295, 'std': 0.0038633655059505767}, 'mean_absolute_stage_error': {'mean': 0.16079146537494793, 'std': 0.003253902262256938}, 'precision': {'mean': 0.8114050484615152, 'std': 0.006768315115396475}, 'quadratic_weighted_kappa': {'mean': 0.6743827750855917, 'std': 0.00657355670003493}, 'recall': {'mean': 0.8268419996482109, 'std': 0.0089381681624006}, 'roc_auc': {'mean': 0.9178950651166554, 'std': 0.002971203096848723}}",0.8268419996482109,COMPLETE
